#
# A fatal error has been detected by the Java Runtime Environment:
#
#  EXCEPTION_ACCESS_VIOLATION (0xc0000005) at pc=0x0000000067b428e0, pid=6200, tid=0x00000000000003c8
#
# JRE version: Java(TM) SE Runtime Environment (8.0_111-b14) (build 1.8.0_111-b14)
# Java VM: Java HotSpot(TM) 64-Bit Server VM (25.111-b14 mixed mode windows-amd64 compressed oops)
# Problematic frame:
# C  [jdwp.dll+0x228e0]
#
# Failed to write core dump. Minidumps are not enabled by default on client versions of Windows
#
# If you would like to submit a bug report, please visit:
#   http://bugreport.java.com/bugreport/crash.jsp
# The crash happened outside the Java Virtual Machine in native code.
# See problematic frame for where to report the bug.
#

---------------  T H R E A D  ---------------

Current thread (0x0000000056065000):  JavaThread "JDWP Command Reader" daemon [_thread_in_native, id=968, stack(0x0000000057b40000,0x0000000057c40000)]

siginfo: ExceptionCode=0xc0000005, reading address 0x0000000000000000

Registers:
RAX=0x0000000067b4f5a0, RBX=0x000000000000000c, RCX=0x0000000000000000, RDX=0x0000000000000028
RSP=0x0000000057c3f790, RBP=0x0000000057c3fa00, RSI=0x0000000000000004, RDI=0x000000006a8633c0
R8 =0x0000000057c3f7f8, R9 =0x7eff06fdfc6bff6b, R10=0x81010101010100f8, R11=0x8101010101010100
R12=0x0000000067b491a8, R13=0x00000000560659e8, R14=0x0000000000000000, R15=0x0000000000000000
RIP=0x0000000067b428e0, EFLAGS=0x0000000000010206

Top of Stack: (sp=0x0000000057c3f790)
0x0000000057c3f790:   0000000000002714 ffffffffffb3b4c0
0x0000000057c3f7a0:   00000000000002d4 0000000057c3f8c8
0x0000000057c3f7b0:   0000000000000001 000000006a8623c0
0x0000000057c3f7c0:   0000000000000000 0000000000000000
0x0000000057c3f7d0:   00000000560659e8 0000000000000000
0x0000000057c3f7e0:   000000006a8633c0 000000006a86108e
0x0000000057c3f7f0:   000000000000000c 000007fefd6d3706
0x0000000057c3f800:   0000000000000004 00000000685f6a01
0x0000000057c3f810:   7075727265746e49 636e756620646574
0x0000000057c3f820:   6c6163206e6f6974 000007fefd6d006c
0x0000000057c3f830:   0000000000000000 0000000000000000
0x0000000057c3f840:   00000000560659e8 0000000000000000
0x0000000057c3f850:   000000000000027c 000007fefd6c0369
0x0000000057c3f860:   000000000000027c 00000000024f5f50
0x0000000057c3f870:   0000000000000004 0000000057c3f8b4
0x0000000057c3f880:   0000000057c3f918 0000000000000000 

Instructions: (pc=0x0000000067b428e0)
0x0000000067b428c0:   83 ec 50 48 63 d1 85 c9 75 07 33 c0 e9 84 00 00
0x0000000067b428d0:   00 48 8b 05 10 d4 00 00 4c 8d 44 24 68 48 8b 08
0x0000000067b428e0:   48 8b 01 ff 90 68 01 00 00 8b f8 85 c0 74 61 8b
0x0000000067b428f0:   c8 e8 72 ca fe ff 48 8b d8 ff 15 31 49 00 00 c7 


Register to memory mapping:

RAX=0x0000000067b4f5a0 is an unknown value
RBX=0x000000000000000c is an unknown value
RCX=0x0000000000000000 is an unknown value
RDX=0x0000000000000028 is an unknown value
RSP=0x0000000057c3f790 is pointing into the stack for thread: 0x0000000056065000
RBP=0x0000000057c3fa00 is pointing into the stack for thread: 0x0000000056065000
RSI=0x0000000000000004 is an unknown value
RDI=0x000000006a8633c0 is an unknown value
R8 =0x0000000057c3f7f8 is pointing into the stack for thread: 0x0000000056065000
R9 =0x7eff06fdfc6bff6b is an unknown value
R10=0x81010101010100f8 is an unknown value
R11=0x8101010101010100 is an unknown value
R12=0x0000000067b491a8 is an unknown value
R13=0x00000000560659e8 is an unknown value
R14=0x0000000000000000 is an unknown value
R15=0x0000000000000000 is an unknown value


Stack: [0x0000000057b40000,0x0000000057c40000],  sp=0x0000000057c3f790,  free space=1021k
Native frames: (J=compiled Java code, j=interpreted, Vv=VM code, C=native code)
C  [jdwp.dll+0x228e0]
C  [dt_socket.dll+0x108e]
C  [dt_socket.dll+0x15f6]
C  [jdwp.dll+0x1fa89]
C  [jdwp.dll+0xecf0]
V  [jvm.dll+0x1bd538]
V  [jvm.dll+0x244b7f]
V  [jvm.dll+0x29c43a]
C  [msvcr100.dll+0x21d9f]
C  [msvcr100.dll+0x21e3b]
C  [kernel32.dll+0x159cd]
C  [ntdll.dll+0x2a561]


---------------  P R O C E S S  ---------------

Java Threads: ( => current thread )
  0x000000005dbe2800 JavaThread "Timer-903" [_thread_blocked, id=10516, stack(0x000000008d510000,0x000000008d610000)]
  0x000000005dbe1800 JavaThread "Thread-1812" [_thread_blocked, id=10512, stack(0x000000008d3a0000,0x000000008d4a0000)]
  0x000000005dbe1000 JavaThread "Timer-902" [_thread_blocked, id=10508, stack(0x000000008c930000,0x000000008ca30000)]
  0x0000000066a3b800 JavaThread "Thread-1810" [_thread_blocked, id=10504, stack(0x000000008d130000,0x000000008d230000)]
  0x000000005dbe0000 JavaThread "Timer-901" [_thread_blocked, id=10500, stack(0x000000008cfa0000,0x000000008d0a0000)]
  0x000000006d29a800 JavaThread "Thread-1808" [_thread_blocked, id=10496, stack(0x0000000087c10000,0x0000000087d10000)]
  0x000000005aef0000 JavaThread "Timer-900" [_thread_blocked, id=10492, stack(0x0000000082350000,0x0000000082450000)]
  0x000000005aee9800 JavaThread "Thread-1806" [_thread_blocked, id=10488, stack(0x000000008ce10000,0x000000008cf10000)]
  0x000000005aef1000 JavaThread "Timer-899" [_thread_blocked, id=10484, stack(0x000000008cc40000,0x000000008cd40000)]
  0x000000005ace3800 JavaThread "Thread-1804" [_thread_blocked, id=10480, stack(0x000000008ca50000,0x000000008cb50000)]
  0x000000006986b800 JavaThread "Timer-898" [_thread_blocked, id=10476, stack(0x000000008c500000,0x000000008c600000)]
  0x0000000057fa5000 JavaThread "Thread-1802" [_thread_blocked, id=10472, stack(0x000000008c7b0000,0x000000008c8b0000)]
  0x000000005e331800 JavaThread "Timer-897" [_thread_blocked, id=10468, stack(0x000000007a850000,0x000000007a950000)]
  0x000000006d2d8800 JavaThread "Thread-1800" [_thread_blocked, id=10464, stack(0x0000000089540000,0x0000000089640000)]
  0x000000006d2dc000 JavaThread "Timer-896" [_thread_blocked, id=10460, stack(0x0000000081f70000,0x0000000082070000)]
  0x0000000066a3e800 JavaThread "Thread-1798" [_thread_blocked, id=10456, stack(0x0000000081e20000,0x0000000081f20000)]
  0x000000006d2e3800 JavaThread "Timer-895" [_thread_blocked, id=10452, stack(0x000000008c670000,0x000000008c770000)]
  0x0000000057fec800 JavaThread "Thread-1796" [_thread_blocked, id=10448, stack(0x000000007a400000,0x000000007a500000)]
  0x000000005ac9e000 JavaThread "Timer-894" [_thread_blocked, id=10444, stack(0x000000008c3f0000,0x000000008c4f0000)]
  0x000000005ac9a000 JavaThread "Thread-1794" [_thread_blocked, id=10440, stack(0x000000007c9d0000,0x000000007cad0000)]
  0x0000000057ffa000 JavaThread "Timer-893" [_thread_blocked, id=10436, stack(0x000000008c260000,0x000000008c360000)]
  0x0000000057ff2000 JavaThread "Thread-1792" [_thread_blocked, id=10432, stack(0x000000008b9d0000,0x000000008bad0000)]
  0x0000000057ff0800 JavaThread "Timer-892" [_thread_blocked, id=10428, stack(0x000000008c0a0000,0x000000008c1a0000)]
  0x0000000057fe6800 JavaThread "Thread-1790" [_thread_blocked, id=10424, stack(0x000000008bf30000,0x000000008c030000)]
  0x0000000057feb000 JavaThread "Timer-891" [_thread_blocked, id=10420, stack(0x000000008be00000,0x000000008bf00000)]
  0x0000000057fe5000 JavaThread "Thread-1788" [_thread_blocked, id=10416, stack(0x000000008bd00000,0x000000008be00000)]
  0x000000005b1f1000 JavaThread "Timer-890" [_thread_blocked, id=10412, stack(0x000000008bb40000,0x000000008bc40000)]
  0x000000006d27e800 JavaThread "Thread-1786" [_thread_blocked, id=10408, stack(0x000000008b890000,0x000000008b990000)]
  0x000000006c779800 JavaThread "Timer-889" [_thread_blocked, id=10404, stack(0x00000000736f0000,0x00000000737f0000)]
  0x000000005d840800 JavaThread "Thread-1784" [_thread_blocked, id=10400, stack(0x000000008b6e0000,0x000000008b7e0000)]
  0x000000005d84e800 JavaThread "Timer-888" [_thread_blocked, id=10396, stack(0x000000008b510000,0x000000008b610000)]
  0x000000005d84c800 JavaThread "Thread-1782" [_thread_blocked, id=10392, stack(0x000000008b290000,0x000000008b390000)]
  0x0000000066a3d000 JavaThread "Timer-887" [_thread_blocked, id=10388, stack(0x000000008b3c0000,0x000000008b4c0000)]
  0x000000005d90b800 JavaThread "Thread-1780" [_thread_blocked, id=10384, stack(0x0000000087b10000,0x0000000087c10000)]
  0x000000005d90d000 JavaThread "Timer-886" [_thread_blocked, id=10380, stack(0x0000000072440000,0x0000000072540000)]
  0x000000005adc4000 JavaThread "Thread-1778" [_thread_blocked, id=10376, stack(0x0000000088a50000,0x0000000088b50000)]
  0x000000005adc3800 JavaThread "Timer-885" [_thread_blocked, id=10372, stack(0x0000000074e80000,0x0000000074f80000)]
  0x0000000068db6800 JavaThread "Thread-1776" [_thread_blocked, id=10368, stack(0x0000000072100000,0x0000000072200000)]
  0x0000000068db7800 JavaThread "Timer-884" [_thread_blocked, id=10364, stack(0x0000000087630000,0x0000000087730000)]
  0x0000000068db8000 JavaThread "Thread-1774" [_thread_blocked, id=10360, stack(0x0000000072330000,0x0000000072430000)]
  0x000000005adc2800 JavaThread "Timer-883" [_thread_blocked, id=10356, stack(0x00000000878d0000,0x00000000879d0000)]
  0x000000005adc2000 JavaThread "Thread-1772" [_thread_blocked, id=10352, stack(0x00000000841b0000,0x00000000842b0000)]
  0x000000005adc1000 JavaThread "Timer-882" [_thread_blocked, id=10348, stack(0x00000000764d0000,0x00000000765d0000)]
  0x000000005adc0800 JavaThread "Thread-1770" [_thread_blocked, id=10344, stack(0x0000000085c60000,0x0000000085d60000)]
  0x000000005adbf800 JavaThread "Timer-881" [_thread_blocked, id=10340, stack(0x0000000085070000,0x0000000085170000)]
  0x000000005adbf000 JavaThread "Thread-1768" [_thread_blocked, id=10336, stack(0x0000000084e70000,0x0000000084f70000)]
  0x000000005adbe000 JavaThread "Timer-880" [_thread_blocked, id=10332, stack(0x0000000084600000,0x0000000084700000)]
  0x000000005e333000 JavaThread "Thread-1766" [_thread_blocked, id=10328, stack(0x00000000837f0000,0x00000000838f0000)]
  0x000000005adbd800 JavaThread "Timer-879" [_thread_blocked, id=10324, stack(0x0000000083920000,0x0000000083a20000)]
  0x000000005adbc800 JavaThread "Thread-1764" [_thread_blocked, id=10320, stack(0x0000000080360000,0x0000000080460000)]
  0x000000005adbc000 JavaThread "Timer-878" [_thread_blocked, id=10316, stack(0x000000007bbe0000,0x000000007bce0000)]
  0x000000005adbb000 JavaThread "Thread-1762" [_thread_blocked, id=10312, stack(0x0000000080da0000,0x0000000080ea0000)]
  0x000000005adba800 JavaThread "Timer-877" [_thread_blocked, id=10308, stack(0x0000000076d90000,0x0000000076e90000)]
  0x000000005adb9800 JavaThread "Thread-1760" [_thread_blocked, id=10304, stack(0x00000000795a0000,0x00000000796a0000)]
  0x000000005adb9000 JavaThread "Timer-876" [_thread_blocked, id=10300, stack(0x00000000602e0000,0x00000000603e0000)]
  0x000000005adb8000 JavaThread "Thread-1758" [_thread_blocked, id=10296, stack(0x0000000078000000,0x0000000078100000)]
  0x000000005adb0800 JavaThread "Timer-875" [_thread_blocked, id=10292, stack(0x00000000711e0000,0x00000000712e0000)]
  0x000000005ada9800 JavaThread "Thread-1756" [_thread_blocked, id=10288, stack(0x00000000625b0000,0x00000000626b0000)]
  0x000000006c74f800 JavaThread "Timer-874" [_thread_blocked, id=10284, stack(0x0000000062210000,0x0000000062310000)]
  0x000000006c74a000 JavaThread "Thread-1754" [_thread_blocked, id=10280, stack(0x000000006f480000,0x000000006f580000)]
  0x000000005adb7800 JavaThread "Timer-873" [_thread_blocked, id=10276, stack(0x000000008b100000,0x000000008b200000)]
  0x000000005adb6800 JavaThread "Thread-1752" [_thread_blocked, id=10272, stack(0x000000008af20000,0x000000008b020000)]
  0x000000005adb5800 JavaThread "Timer-872" [_thread_blocked, id=10268, stack(0x0000000079e20000,0x0000000079f20000)]
  0x000000005d84d000 JavaThread "Thread-1750" [_thread_blocked, id=10264, stack(0x000000008adc0000,0x000000008aec0000)]
  0x000000005adb5000 JavaThread "Timer-871" [_thread_blocked, id=10260, stack(0x000000006e510000,0x000000006e610000)]
  0x000000005adb4000 JavaThread "Thread-1748" [_thread_blocked, id=10256, stack(0x000000008ac80000,0x000000008ad80000)]
  0x000000005adb3800 JavaThread "Timer-870" [_thread_blocked, id=10252, stack(0x0000000080ad0000,0x0000000080bd0000)]
  0x000000005adb2800 JavaThread "Thread-1746" [_thread_blocked, id=10248, stack(0x000000008ab00000,0x000000008ac00000)]
  0x000000005adb2000 JavaThread "Timer-869" [_thread_blocked, id=10244, stack(0x000000008a9c0000,0x000000008aac0000)]
  0x000000005adb1000 JavaThread "Thread-1744" [_thread_blocked, id=9376, stack(0x000000006d6a0000,0x000000006d7a0000)]
  0x000000005e32d800 JavaThread "Thread-1742" [_thread_blocked, id=7252, stack(0x000000006efc0000,0x000000006f0c0000)]
  0x000000005adaf800 JavaThread "Timer-867" [_thread_blocked, id=8372, stack(0x000000006a430000,0x000000006a530000)]
  0x000000005adaf000 JavaThread "Thread-1740" [_thread_blocked, id=4304, stack(0x000000008a800000,0x000000008a900000)]
  0x000000005adae000 JavaThread "Timer-866" [_thread_blocked, id=8436, stack(0x0000000080c00000,0x0000000080d00000)]
  0x000000006d299800 JavaThread "Thread-1738" [_thread_blocked, id=8420, stack(0x000000006db40000,0x000000006dc40000)]
  0x000000005adad800 JavaThread "Timer-865" [_thread_blocked, id=8988, stack(0x000000008a6d0000,0x000000008a7d0000)]
  0x000000005adac800 JavaThread "Thread-1736" [_thread_blocked, id=6328, stack(0x000000008a5c0000,0x000000008a6c0000)]
  0x000000005adac000 JavaThread "Timer-864" [_thread_blocked, id=8880, stack(0x00000000899a0000,0x0000000089aa0000)]
  0x000000005e330800 JavaThread "Thread-1734" [_thread_blocked, id=8908, stack(0x000000008a430000,0x000000008a530000)]
  0x000000005adab000 JavaThread "Timer-863" [_thread_blocked, id=10176, stack(0x000000008a2b0000,0x000000008a3b0000)]
  0x000000005adaa800 JavaThread "Thread-1732" [_thread_blocked, id=8356, stack(0x000000008a190000,0x000000008a290000)]
  0x000000005e330000 JavaThread "Thread-1730" [_thread_blocked, id=1352, stack(0x000000006d400000,0x000000006d500000)]
  0x000000005ada9000 JavaThread "Timer-861" [_thread_blocked, id=10144, stack(0x000000008a070000,0x000000008a170000)]
  0x000000005ada8000 JavaThread "Thread-1728" [_thread_blocked, id=10112, stack(0x0000000089f40000,0x000000008a040000)]
  0x000000005ada7800 JavaThread "Timer-860" [_thread_blocked, id=8300, stack(0x0000000089e10000,0x0000000089f10000)]
  0x000000005ada6800 JavaThread "Thread-1726" [_thread_blocked, id=4144, stack(0x0000000089c30000,0x0000000089d30000)]
  0x000000005ada6000 JavaThread "Timer-859" [_thread_blocked, id=7564, stack(0x0000000089ad0000,0x0000000089bd0000)]
  0x000000005ada5000 JavaThread "Thread-1724" [_thread_blocked, id=10128, stack(0x00000000626b0000,0x00000000627b0000)]
  0x000000005d8f4000 JavaThread "Timer-858" [_thread_blocked, id=8588, stack(0x0000000089200000,0x0000000089300000)]
  0x000000006d25a800 JavaThread "Thread-1722" [_thread_blocked, id=7752, stack(0x0000000062ae0000,0x0000000062be0000)]
  0x000000006986e800 JavaThread "Timer-857" [_thread_blocked, id=9024, stack(0x0000000089890000,0x0000000089990000)]
  0x0000000068dc8800 JavaThread "Thread-1720" [_thread_blocked, id=10032, stack(0x0000000060a40000,0x0000000060b40000)]
  0x000000005d8f7800 JavaThread "Timer-856" [_thread_blocked, id=5028, stack(0x0000000089780000,0x0000000089880000)]
  0x000000005d900000 JavaThread "Thread-1718" [_thread_blocked, id=7684, stack(0x0000000089640000,0x0000000089740000)]
  0x000000005aee5800 JavaThread "Thread-1716" [_thread_blocked, id=7016, stack(0x00000000765f0000,0x00000000766f0000)]
  0x000000005e32e800 JavaThread "Thread-1714" [_thread_blocked, id=10008, stack(0x0000000060fd0000,0x00000000610d0000)]
  0x000000005b1f4000 JavaThread "Thread-1712" [_thread_blocked, id=9044, stack(0x0000000089440000,0x0000000089540000)]
  0x000000005e328800 JavaThread "Timer-852" [_thread_blocked, id=7640, stack(0x0000000078820000,0x0000000078920000)]
  0x000000005e32d000 JavaThread "Thread-1710" [_thread_blocked, id=7412, stack(0x000000006ed50000,0x000000006ee50000)]
  0x0000000068db5800 JavaThread "Timer-851" [_thread_blocked, id=7408, stack(0x0000000089340000,0x0000000089440000)]
  0x000000006d25c800 JavaThread "Thread-1708" [_thread_blocked, id=1016, stack(0x00000000890f0000,0x00000000891f0000)]
  0x000000006d257800 JavaThread "Timer-850" [_thread_blocked, id=9984, stack(0x0000000088c30000,0x0000000088d30000)]
  0x000000006d2e8800 JavaThread "Thread-1706" [_thread_blocked, id=9016, stack(0x0000000088fa0000,0x00000000890a0000)]
  0x000000006d2e7800 JavaThread "Timer-849" [_thread_blocked, id=8100, stack(0x0000000088e30000,0x0000000088f30000)]
  0x000000006d2e7000 JavaThread "Thread-1704" [_thread_blocked, id=9944, stack(0x00000000615d0000,0x00000000616d0000)]
  0x000000006d2e6000 JavaThread "Timer-848" [_thread_blocked, id=8768, stack(0x0000000061700000,0x0000000061800000)]
  0x000000007022f000 JavaThread "Thread-1702" [_thread_blocked, id=7392, stack(0x0000000087e10000,0x0000000087f10000)]
  0x000000006d2e5800 JavaThread "Timer-847" [_thread_blocked, id=9840, stack(0x0000000088810000,0x0000000088910000)]
  0x000000006d2e4800 JavaThread "Thread-1700" [_thread_blocked, id=8792, stack(0x0000000088d30000,0x0000000088e30000)]
  0x000000006d2e3000 JavaThread "Thread-1698" [_thread_blocked, id=4528, stack(0x0000000088940000,0x0000000088a40000)]
  0x000000006d2e2000 JavaThread "Timer-845" [_thread_blocked, id=9792, stack(0x0000000088710000,0x0000000088810000)]
  0x000000006d2e1800 JavaThread "Thread-1696" [_thread_blocked, id=8124, stack(0x0000000088590000,0x0000000088690000)]
  0x000000006d2e0800 JavaThread "Timer-844" [_thread_blocked, id=7832, stack(0x0000000088450000,0x0000000088550000)]
  0x000000006d2e0000 JavaThread "Thread-1694" [_thread_blocked, id=9680, stack(0x00000000882a0000,0x00000000883a0000)]
  0x000000006d2df000 JavaThread "Timer-843" [_thread_blocked, id=9620, stack(0x00000000880c0000,0x00000000881c0000)]
  0x000000006d2de800 JavaThread "Thread-1692" [_thread_blocked, id=7568, stack(0x0000000087f10000,0x0000000088010000)]
  0x000000006d2dd800 JavaThread "Timer-842" [_thread_blocked, id=9928, stack(0x0000000087d10000,0x0000000087e10000)]
  0x000000006d2dd000 JavaThread "Thread-1690" [_thread_blocked, id=7772, stack(0x0000000067b70000,0x0000000067c70000)]
  0x000000006d2db800 JavaThread "Thread-1688" [_thread_blocked, id=9880, stack(0x00000000879f0000,0x0000000087af0000)]
  0x000000006d2da800 JavaThread "Timer-840" [_thread_blocked, id=9824, stack(0x00000000877a0000,0x00000000878a0000)]
  0x000000005db2c800 JavaThread "Thread-1686" [_thread_blocked, id=9800, stack(0x0000000069c50000,0x0000000069d50000)]
  0x000000006d2da000 JavaThread "Timer-839" [_thread_blocked, id=9712, stack(0x0000000062d70000,0x0000000062e70000)]
  0x000000006d2d9000 JavaThread "Thread-1684" [_thread_blocked, id=9512, stack(0x0000000068130000,0x0000000068230000)]
  0x000000006d2d7800 JavaThread "Thread-1682" [_thread_blocked, id=9452, stack(0x00000000782c0000,0x00000000783c0000)]
  0x000000007025d000 JavaThread "Timer-837" [_thread_blocked, id=8464, stack(0x00000000874e0000,0x00000000875e0000)]
  0x0000000070261800 JavaThread "Thread-1680" [_thread_blocked, id=10232, stack(0x0000000077b70000,0x0000000077c70000)]
  0x000000007025e800 JavaThread "Timer-836" [_thread_blocked, id=10208, stack(0x0000000085270000,0x0000000085370000)]
  0x0000000070262800 JavaThread "Thread-1678" [_thread_blocked, id=10192, stack(0x0000000063520000,0x0000000063620000)]
  0x000000006d2d7000 JavaThread "Timer-835" [_thread_blocked, id=9028, stack(0x000000007e130000,0x000000007e230000)]
  0x000000006c772800 JavaThread "Thread-1676" [_thread_blocked, id=8444, stack(0x0000000064470000,0x0000000064570000)]
  0x000000006c776800 JavaThread "Timer-834" [_thread_blocked, id=9384, stack(0x0000000064b40000,0x0000000064c40000)]
  0x000000006c778000 JavaThread "Thread-1674" [_thread_blocked, id=7544, stack(0x0000000061110000,0x0000000061210000)]
  0x000000006d2d6000 JavaThread "Timer-833" [_thread_blocked, id=10096, stack(0x00000000873e0000,0x00000000874e0000)]
  0x000000006d2d5800 JavaThread "Thread-1672" [_thread_blocked, id=4736, stack(0x0000000086cb0000,0x0000000086db0000)]
  0x000000006d2d4800 JavaThread "Timer-832" [_thread_blocked, id=10040, stack(0x000000006fa70000,0x000000006fb70000)]
  0x000000005ae55000 JavaThread "Thread-1670" [_thread_blocked, id=8568, stack(0x0000000087210000,0x0000000087310000)]
  0x000000006d2d4000 JavaThread "Timer-831" [_thread_blocked, id=3244, stack(0x0000000087100000,0x0000000087200000)]
  0x000000006d2d3000 JavaThread "Thread-1668" [_thread_blocked, id=9312, stack(0x0000000075500000,0x0000000075600000)]
  0x000000006d2d2800 JavaThread "Timer-830" [_thread_blocked, id=6208, stack(0x0000000086f70000,0x0000000087070000)]
  0x000000006d2d1800 JavaThread "Thread-1666" [_thread_blocked, id=9388, stack(0x0000000086e00000,0x0000000086f00000)]
  0x000000006d2d1000 JavaThread "Timer-829" [_thread_blocked, id=6652, stack(0x0000000086ba0000,0x0000000086ca0000)]
  0x000000006d2d0000 JavaThread "Thread-1664" [_thread_blocked, id=8468, stack(0x0000000073e60000,0x0000000073f60000)]
  0x000000006d2cf800 JavaThread "Timer-828" [_thread_blocked, id=8364, stack(0x000000006f7e0000,0x000000006f8e0000)]
  0x000000006d2ce800 JavaThread "Thread-1662" [_thread_blocked, id=9244, stack(0x00000000869c0000,0x0000000086ac0000)]
  0x000000006d2ce000 JavaThread "Timer-827" [_thread_blocked, id=10228, stack(0x0000000086850000,0x0000000086950000)]
  0x000000006d2cd000 JavaThread "Thread-1660" [_thread_blocked, id=10212, stack(0x0000000077490000,0x0000000077590000)]
  0x000000006d2cc800 JavaThread "Timer-826" [_thread_blocked, id=1496, stack(0x0000000077920000,0x0000000077a20000)]
  0x0000000069000000 JavaThread "Thread-1658" [_thread_blocked, id=9340, stack(0x00000000858b0000,0x00000000859b0000)]
  0x000000006d2cb800 JavaThread "Timer-825" [_thread_blocked, id=10196, stack(0x0000000086660000,0x0000000086760000)]
  0x000000006d2cb000 JavaThread "Thread-1656" [_thread_blocked, id=9324, stack(0x0000000086550000,0x0000000086650000)]
  0x000000006d2ca000 JavaThread "Timer-824" [_thread_blocked, id=5304, stack(0x0000000072670000,0x0000000072770000)]
  0x0000000070229000 JavaThread "Thread-1654" [_thread_blocked, id=7840, stack(0x000000006ff10000,0x0000000070010000)]
  0x000000006d2c9800 JavaThread "Timer-823" [_thread_blocked, id=9300, stack(0x000000007d220000,0x000000007d320000)]
  0x0000000057ffc800 JavaThread "Thread-1652" [_thread_blocked, id=10180, stack(0x0000000086440000,0x0000000086540000)]
  0x0000000057ffb800 JavaThread "Timer-822" [_thread_blocked, id=5540, stack(0x0000000086300000,0x0000000086400000)]
  0x0000000057ffb000 JavaThread "Thread-1650" [_thread_blocked, id=7348, stack(0x00000000861d0000,0x00000000862d0000)]
  0x000000006d283800 JavaThread "Thread-1648" [_thread_blocked, id=9276, stack(0x00000000775b0000,0x00000000776b0000)]
  0x0000000057ff9800 JavaThread "Timer-820" [_thread_blocked, id=5804, stack(0x00000000860a0000,0x00000000861a0000)]
  0x000000006c76f000 JavaThread "Thread-1646" [_thread_blocked, id=10148, stack(0x0000000085f50000,0x0000000086050000)]
  0x0000000057ff8800 JavaThread "Timer-819" [_thread_blocked, id=10132, stack(0x00000000737f0000,0x00000000738f0000)]
  0x0000000057ff8000 JavaThread "Thread-1644" [_thread_blocked, id=8324, stack(0x0000000084f70000,0x0000000085070000)]
  0x0000000057ff7000 JavaThread "Timer-818" [_thread_blocked, id=8804, stack(0x0000000085680000,0x0000000085780000)]
  0x0000000066a3c000 JavaThread "Thread-1642" [_thread_blocked, id=10116, stack(0x0000000085b60000,0x0000000085c60000)]
  0x0000000057ff6800 JavaThread "Timer-817" [_thread_blocked, id=9212, stack(0x00000000859c0000,0x0000000085ac0000)]
  0x0000000057ff5800 JavaThread "Thread-1640" [_thread_blocked, id=10100, stack(0x0000000085790000,0x0000000085890000)]
  0x0000000057ff4000 JavaThread "Thread-1638" [_thread_blocked, id=7224, stack(0x000000006a050000,0x000000006a150000)]
  0x0000000057ff3800 JavaThread "Timer-815" [_thread_blocked, id=8228, stack(0x0000000085370000,0x0000000085470000)]
  0x0000000057ff2800 JavaThread "Thread-1636" [_thread_blocked, id=7828, stack(0x0000000085170000,0x0000000085270000)]
  0x0000000057ff1000 JavaThread "Thread-1634" [_thread_blocked, id=10060, stack(0x0000000084830000,0x0000000084930000)]
  0x0000000057fef800 JavaThread "Thread-1632" [_thread_blocked, id=10044, stack(0x0000000084cb0000,0x0000000084db0000)]
  0x0000000068ffc800 JavaThread "Thread-1630" [_thread_blocked, id=9160, stack(0x0000000084940000,0x0000000084a40000)]
  0x0000000057fee000 JavaThread "Thread-1628" [_thread_blocked, id=6496, stack(0x0000000084730000,0x0000000084830000)]
  0x0000000057fed800 JavaThread "Timer-810" [_thread_blocked, id=7836, stack(0x0000000075400000,0x0000000075500000)]
  0x0000000057fa7000 JavaThread "Thread-1626" [_thread_blocked, id=5348, stack(0x0000000063670000,0x0000000063770000)]
  0x0000000057fec000 JavaThread "Thread-1624" [_thread_blocked, id=9072, stack(0x0000000084330000,0x0000000084430000)]
  0x0000000057fea800 JavaThread "Thread-1622" [_thread_blocked, id=7600, stack(0x00000000840b0000,0x00000000841b0000)]
  0x0000000057fe9000 JavaThread "Thread-1620" [_thread_blocked, id=10004, stack(0x0000000083be0000,0x0000000083ce0000)]
  0x0000000057fe8000 JavaThread "Timer-806" [_thread_blocked, id=5916, stack(0x0000000083f10000,0x0000000084010000)]
  0x0000000057fe7800 JavaThread "Thread-1618" [_thread_blocked, id=6400, stack(0x0000000083d60000,0x0000000083e60000)]
  0x0000000057fe6000 JavaThread "Thread-1616" [_thread_blocked, id=7776, stack(0x0000000083ad0000,0x0000000083bd0000)]
  0x0000000057fe4800 JavaThread "Thread-1614" [_thread_blocked, id=6792, stack(0x000000006dc40000,0x000000006dd40000)]
  0x0000000057fe3800 JavaThread "Timer-803" [_thread_blocked, id=9972, stack(0x00000000835a0000,0x00000000836a0000)]
  0x0000000057fe3000 JavaThread "Thread-1612" [_thread_blocked, id=9956, stack(0x00000000836a0000,0x00000000837a0000)]
  0x0000000057fe2000 JavaThread "Timer-802" [_thread_blocked, id=9940, stack(0x00000000834a0000,0x00000000835a0000)]
  0x0000000057fe1800 JavaThread "Thread-1610" [_thread_blocked, id=9092, stack(0x00000000832f0000,0x00000000833f0000)]
  0x0000000057fe0800 JavaThread "Timer-801" [_thread_blocked, id=8912, stack(0x00000000785e0000,0x00000000786e0000)]
  0x0000000057fe0000 JavaThread "Thread-1608" [_thread_blocked, id=8800, stack(0x0000000083180000,0x0000000083280000)]
  0x0000000057fdf000 JavaThread "Timer-800" [_thread_blocked, id=9924, stack(0x0000000083060000,0x0000000083160000)]
  0x0000000057fde800 JavaThread "Thread-1606" [_thread_blocked, id=8872, stack(0x000000006de70000,0x000000006df70000)]
  0x0000000057f9f800 JavaThread "Thread-1604" [_thread_in_native, id=8188, stack(0x0000000065100000,0x0000000065200000)]
  0x0000000068dc9800 JavaThread "Thread-1602" [_thread_blocked, id=8504, stack(0x0000000064f70000,0x0000000065070000)]
  0x000000005b1f2800 JavaThread "Timer-797" [_thread_blocked, id=8808, stack(0x00000000816e0000,0x00000000817e0000)]
  0x000000005db33000 JavaThread "Thread-1600" [_thread_blocked, id=8112, stack(0x0000000085e40000,0x0000000085f40000)]
  0x000000005ae59800 JavaThread "Timer-796" [_thread_blocked, id=1772, stack(0x0000000082cc0000,0x0000000082dc0000)]
  0x000000006d297800 JavaThread "Thread-1598" [_thread_blocked, id=8776, stack(0x0000000061ef0000,0x0000000061ff0000)]
  0x000000005d848000 JavaThread "Timer-795" [_thread_blocked, id=8068, stack(0x0000000082b70000,0x0000000082c70000)]
  0x0000000068db5000 JavaThread "Thread-1596" [_thread_blocked, id=6184, stack(0x0000000082a30000,0x0000000082b30000)]
  0x0000000070269000 JavaThread "Timer-794" [_thread_blocked, id=6092, stack(0x00000000828f0000,0x00000000829f0000)]
  0x0000000066a40800 JavaThread "Thread-1594" [_thread_blocked, id=6248, stack(0x0000000082730000,0x0000000082830000)]
  0x0000000057fa1000 JavaThread "Timer-793" [_thread_blocked, id=8704, stack(0x00000000825f0000,0x00000000826f0000)]
  0x0000000057fa4000 JavaThread "Thread-1592" [_thread_blocked, id=4372, stack(0x0000000082470000,0x0000000082570000)]
  0x000000006d280800 JavaThread "Thread-1590" [_thread_blocked, id=8692, stack(0x0000000082250000,0x0000000082350000)]
  0x000000005d901800 JavaThread "Timer-791" [_thread_blocked, id=5344, stack(0x0000000081b10000,0x0000000081c10000)]
  0x000000005d907000 JavaThread "Thread-1588" [_thread_blocked, id=4296, stack(0x0000000082070000,0x0000000082170000)]
  0x000000005e326000 JavaThread "Thread-1586" [_thread_blocked, id=9588, stack(0x00000000815c0000,0x00000000816c0000)]
  0x000000005aeee000 JavaThread "Thread-1584" [_thread_blocked, id=9556, stack(0x00000000814c0000,0x00000000815c0000)]
  0x0000000069869000 JavaThread "Thread-1582" [_thread_blocked, id=9532, stack(0x0000000065bd0000,0x0000000065cd0000)]
  0x000000006c750000 JavaThread "Thread-1580" [_thread_blocked, id=9508, stack(0x000000007e430000,0x000000007e530000)]
  0x000000005b089000 JavaThread "Thread-1578" [_thread_blocked, id=9488, stack(0x000000007d640000,0x000000007d740000)]
  0x000000006c74e800 JavaThread "Timer-785" [_thread_blocked, id=9472, stack(0x000000007b9a0000,0x000000007baa0000)]
  0x000000006c74e000 JavaThread "Thread-1576" [_thread_blocked, id=8620, stack(0x000000007a580000,0x000000007a680000)]
  0x000000006c74d000 JavaThread "Timer-784" [_thread_blocked, id=8612, stack(0x0000000078e70000,0x0000000078f70000)]
  0x000000006c74c800 JavaThread "Thread-1574" [_thread_blocked, id=4004, stack(0x000000007b6f0000,0x000000007b7f0000)]
  0x000000006c74b800 JavaThread "Timer-783" [_thread_blocked, id=9456, stack(0x0000000078f80000,0x0000000079080000)]
  0x000000006c74b000 JavaThread "Thread-1572" [_thread_blocked, id=9440, stack(0x000000006d8b0000,0x000000006d9b0000)]
  0x000000006c749800 JavaThread "Thread-1570" [_thread_blocked, id=8720, stack(0x00000000732b0000,0x00000000733b0000)]
  0x000000006c748800 JavaThread "Timer-781" [_thread_blocked, id=9100, stack(0x00000000672d0000,0x00000000673d0000)]
  0x000000006c748000 JavaThread "Thread-1568" [_thread_blocked, id=7192, stack(0x00000000784d0000,0x00000000785d0000)]
  0x0000000068dc8000 JavaThread "Timer-780" [_thread_blocked, id=9012, stack(0x0000000076980000,0x0000000076a80000)]
  0x0000000068dc7000 JavaThread "Thread-1566" [_thread_blocked, id=7808, stack(0x000000006ad00000,0x000000006ae00000)]
  0x000000006c747000 JavaThread "Timer-779" [_thread_blocked, id=6056, stack(0x0000000062440000,0x0000000062540000)]
  0x000000006c742000 JavaThread "Thread-1564" [_thread_blocked, id=8748, stack(0x000000006abe0000,0x000000006ace0000)]
  0x000000006c743800 JavaThread "Timer-778" [_thread_blocked, id=8828, stack(0x000000006a190000,0x000000006a290000)]
  0x000000006c76e000 JavaThread "Thread-1562" [_thread_blocked, id=9228, stack(0x0000000064e70000,0x0000000064f70000)]
  0x000000006c746800 JavaThread "Timer-777" [_thread_blocked, id=9396, stack(0x0000000081d10000,0x0000000081e10000)]
  0x000000006c745800 JavaThread "Thread-1560" [_thread_blocked, id=9048, stack(0x000000006e9e0000,0x000000006eae0000)]
  0x000000006c745000 JavaThread "Timer-776" [_thread_blocked, id=8760, stack(0x0000000081c10000,0x0000000081d10000)]
  0x000000006c744000 JavaThread "Thread-1558" [_thread_blocked, id=7332, stack(0x00000000819c0000,0x0000000081ac0000)]
  0x000000006c742800 JavaThread "Thread-1556" [_thread_blocked, id=8184, stack(0x00000000817f0000,0x00000000818f0000)]
  0x000000006c741000 JavaThread "Thread-1554" [_thread_blocked, id=8772, stack(0x0000000081360000,0x0000000081460000)]
  0x000000005aca1000 JavaThread "Thread-1552" [_thread_blocked, id=2880, stack(0x0000000081220000,0x0000000081320000)]
  0x0000000068dcc800 JavaThread "Timer-772" [_thread_blocked, id=7208, stack(0x0000000080f10000,0x0000000081010000)]
  0x000000006d25d800 JavaThread "Thread-1550" [_thread_blocked, id=9404, stack(0x0000000081050000,0x0000000081150000)]
  0x0000000066a40000 JavaThread "Thread-1548" [_thread_blocked, id=8496, stack(0x000000007da10000,0x000000007db10000)]
  0x000000005aeea000 JavaThread "Thread-1546" [_thread_blocked, id=8180, stack(0x0000000071320000,0x0000000071420000)]
  0x000000005aeec800 JavaThread "Timer-768" [_thread_blocked, id=9336, stack(0x0000000077310000,0x0000000077410000)]
  0x000000005d90c000 JavaThread "Thread-1542" [_thread_blocked, id=3576, stack(0x0000000071660000,0x0000000071760000)]
  0x000000005d90a800 JavaThread "Timer-766" [_thread_blocked, id=9296, stack(0x0000000080990000,0x0000000080a90000)]
  0x000000005db36800 JavaThread "Thread-1538" [_thread_blocked, id=3864, stack(0x00000000805e0000,0x00000000806e0000)]
  0x000000005d90a000 JavaThread "Timer-764" [_thread_blocked, id=9272, stack(0x0000000080890000,0x0000000080990000)]
  0x000000005d908800 JavaThread "Thread-1534" [_thread_blocked, id=7656, stack(0x0000000080700000,0x0000000080800000)]
  0x000000005d909000 JavaThread "Timer-763" [_thread_blocked, id=8348, stack(0x00000000804e0000,0x00000000805e0000)]
  0x000000005d907800 JavaThread "Timer-762" [_thread_blocked, id=9224, stack(0x0000000077f00000,0x0000000078000000)]
  0x000000005d906000 JavaThread "Thread-1530" [_thread_blocked, id=10236, stack(0x0000000080260000,0x0000000080360000)]
  0x000000005d905800 JavaThread "Timer-760" [_thread_blocked, id=10224, stack(0x00000000797d0000,0x00000000798d0000)]
  0x000000005d903000 JavaThread "Thread-1526" [_thread_blocked, id=10220, stack(0x000000007ee60000,0x000000007ef60000)]
  0x000000005d904800 JavaThread "Timer-759" [_thread_blocked, id=10216, stack(0x00000000796a0000,0x00000000797a0000)]
  0x000000005db2f800 JavaThread "Thread-1522" [_thread_blocked, id=10204, stack(0x0000000072c90000,0x0000000072d90000)]
  0x000000005d904000 JavaThread "Timer-757" [_thread_blocked, id=10200, stack(0x0000000073f80000,0x0000000074080000)]
  0x000000005ae5c000 JavaThread "Thread-1518" [_thread_blocked, id=10188, stack(0x00000000601b0000,0x00000000602b0000)]
  0x000000005d902800 JavaThread "Timer-755" [_thread_blocked, id=10184, stack(0x0000000077cd0000,0x0000000077dd0000)]
  0x000000005e333800 JavaThread "Thread-1514" [_thread_blocked, id=10172, stack(0x0000000063400000,0x0000000063500000)]
  0x000000005d901000 JavaThread "Timer-753" [_thread_blocked, id=10168, stack(0x0000000080070000,0x0000000080170000)]
  0x000000005d8ff800 JavaThread "Timer-752" [_thread_blocked, id=10160, stack(0x000000007eae0000,0x000000007ebe0000)]
  0x000000005d8fe000 JavaThread "Thread-1510" [_thread_blocked, id=10156, stack(0x0000000067070000,0x0000000067170000)]
  0x000000005d8fe800 JavaThread "Timer-751" [_thread_blocked, id=10152, stack(0x000000007ecc0000,0x000000007edc0000)]
  0x000000005b1f8000 JavaThread "Thread-1506" [_thread_blocked, id=10140, stack(0x000000007e9a0000,0x000000007eaa0000)]
  0x000000005e32b800 JavaThread "Timer-749" [_thread_blocked, id=10136, stack(0x000000007e850000,0x000000007e950000)]
  0x000000006d299000 JavaThread "Thread-1502" [_thread_blocked, id=10124, stack(0x000000006b2b0000,0x000000006b3b0000)]
  0x0000000066a3d800 JavaThread "Timer-747" [_thread_blocked, id=10120, stack(0x000000007e700000,0x000000007e800000)]
  0x000000007026b800 JavaThread "Thread-1498" [_thread_blocked, id=10108, stack(0x00000000762d0000,0x00000000763d0000)]
  0x000000005ac9e800 JavaThread "Timer-745" [_thread_blocked, id=10104, stack(0x000000007e590000,0x000000007e690000)]
  0x0000000068dcd800 JavaThread "Thread-1494" [_thread_blocked, id=10092, stack(0x0000000075f20000,0x0000000076020000)]
  0x0000000068ffa000 JavaThread "Timer-743" [_thread_blocked, id=10088, stack(0x00000000761b0000,0x00000000762b0000)]
  0x0000000070264000 JavaThread "Timer-742" [_thread_blocked, id=10080, stack(0x00000000674f0000,0x00000000675f0000)]
  0x000000005db2d000 JavaThread "Thread-1490" [_thread_blocked, id=10076, stack(0x0000000071ce0000,0x0000000071de0000)]
  0x000000007025e000 JavaThread "Timer-741" [_thread_blocked, id=10072, stack(0x0000000076040000,0x0000000076140000)]
  0x0000000070265800 JavaThread "Timer-740" [_thread_blocked, id=10064, stack(0x0000000075740000,0x0000000075840000)]
  0x000000005e327000 JavaThread "Timer-739" [_thread_blocked, id=10056, stack(0x0000000074a20000,0x0000000074b20000)]
  0x000000005e325800 JavaThread "Timer-738" [_thread_blocked, id=10048, stack(0x0000000067650000,0x0000000067750000)]
  0x000000005ace2000 JavaThread "Thread-1478" [_thread_blocked, id=10028, stack(0x0000000074320000,0x0000000074420000)]
  0x000000006c778800 JavaThread "Timer-735" [_thread_blocked, id=10024, stack(0x000000007e2f0000,0x000000007e3f0000)]
  0x000000006c777000 JavaThread "Timer-734" [_thread_blocked, id=10016, stack(0x000000007d000000,0x000000007d100000)]
  0x000000006c775800 JavaThread "Thread-1474" [_thread_blocked, id=10012, stack(0x000000007dd70000,0x000000007de70000)]
  0x000000006c774000 JavaThread "Timer-732" [_thread_blocked, id=10000, stack(0x000000007dff0000,0x000000007e0f0000)]
  0x000000005b1f5000 JavaThread "Thread-1470" [_thread_blocked, id=9996, stack(0x000000007dc70000,0x000000007dd70000)]
  0x000000006c775000 JavaThread "Timer-731" [_thread_blocked, id=9992, stack(0x000000007ded0000,0x000000007dfd0000)]
  0x000000005d842800 JavaThread "Thread-1466" [_thread_blocked, id=9980, stack(0x0000000062f80000,0x0000000063080000)]
  0x000000006c773800 JavaThread "Timer-729" [_thread_blocked, id=9976, stack(0x000000007c820000,0x000000007c920000)]
  0x000000006c772000 JavaThread "Timer-728" [_thread_blocked, id=9968, stack(0x000000007db20000,0x000000007dc20000)]
  0x000000006c770800 JavaThread "Thread-1462" [_thread_blocked, id=9964, stack(0x0000000071ba0000,0x0000000071ca0000)]
  0x000000006c771000 JavaThread "Timer-727" [_thread_blocked, id=9960, stack(0x000000007d900000,0x000000007da00000)]
  0x000000006c76f800 JavaThread "Timer-726" [_thread_blocked, id=9952, stack(0x000000007d7a0000,0x000000007d8a0000)]
  0x000000006c76d800 JavaThread "Thread-1458" [_thread_blocked, id=9948, stack(0x000000007d4e0000,0x000000007d5e0000)]
  0x000000006d29b000 JavaThread "Timer-724" [_thread_blocked, id=9936, stack(0x000000006fb90000,0x000000006fc90000)]
  0x000000006d296800 JavaThread "Thread-1454" [_thread_blocked, id=9932, stack(0x0000000074fc0000,0x00000000750c0000)]
  0x000000006c76c000 JavaThread "Timer-722" [_thread_blocked, id=9920, stack(0x000000007d100000,0x000000007d200000)]
  0x000000005b086000 JavaThread "Thread-1450" [_thread_blocked, id=9916, stack(0x00000000627e0000,0x00000000628e0000)]
  0x000000006c76c800 JavaThread "Timer-721" [_thread_blocked, id=9912, stack(0x000000007d340000,0x000000007d440000)]
  0x000000006c76a800 JavaThread "Thread-1446" [_thread_blocked, id=9900, stack(0x00000000641f0000,0x00000000642f0000)]
  0x0000000069868800 JavaThread "Timer-719" [_thread_blocked, id=9896, stack(0x000000007cd50000,0x000000007ce50000)]
  0x000000005ae59000 JavaThread "Thread-1444" [_thread_blocked, id=9892, stack(0x000000007cc10000,0x000000007cd10000)]
  0x0000000068dcb000 JavaThread "Thread-1442" [_thread_blocked, id=9884, stack(0x0000000073020000,0x0000000073120000)]
  0x000000005ac9c800 JavaThread "Thread-1440" [_thread_blocked, id=9876, stack(0x000000007c710000,0x000000007c810000)]
  0x000000005ac9f800 JavaThread "Timer-716" [_thread_blocked, id=9872, stack(0x000000007c470000,0x000000007c570000)]
  0x0000000068ffb000 JavaThread "Thread-1438" [_thread_blocked, id=9868, stack(0x0000000069f00000,0x000000006a000000)]
  0x0000000057fab800 JavaThread "Timer-715" [_thread_blocked, id=9864, stack(0x000000007c580000,0x000000007c680000)]
  0x0000000057fab000 JavaThread "Thread-1436" [_thread_blocked, id=9860, stack(0x000000007c320000,0x000000007c420000)]
  0x0000000057faa000 JavaThread "Timer-714" [_thread_blocked, id=9856, stack(0x000000007c180000,0x000000007c280000)]
  0x0000000057fa9800 JavaThread "Thread-1434" [_thread_blocked, id=9852, stack(0x0000000073550000,0x0000000073650000)]
  0x0000000057fa8800 JavaThread "Timer-713" [_thread_blocked, id=9848, stack(0x000000006f910000,0x000000006fa10000)]
  0x0000000057fa8000 JavaThread "Thread-1432" [_thread_blocked, id=9844, stack(0x000000007afe0000,0x000000007b0e0000)]
  0x000000005b087800 JavaThread "Thread-1430" [_thread_blocked, id=9836, stack(0x00000000629a0000,0x0000000062aa0000)]
  0x0000000057fa6800 JavaThread "Timer-711" [_thread_blocked, id=9832, stack(0x000000007bfb0000,0x000000007c0b0000)]
  0x0000000057fa5800 JavaThread "Thread-1428" [_thread_blocked, id=9828, stack(0x000000007be60000,0x000000007bf60000)]
  0x000000005da58000 JavaThread "Thread-1426" [_thread_blocked, id=9820, stack(0x000000006e8a0000,0x000000006e9a0000)]
  0x0000000057fa3800 JavaThread "Thread-1424" [_thread_blocked, id=9812, stack(0x000000007bd20000,0x000000007be20000)]
  0x0000000057fa2800 JavaThread "Timer-708" [_thread_blocked, id=9808, stack(0x000000007bab0000,0x000000007bbb0000)]
  0x0000000057fa2000 JavaThread "Thread-1422" [_thread_blocked, id=9804, stack(0x000000006a980000,0x000000006aa80000)]
  0x0000000057fa0800 JavaThread "Thread-1420" [_thread_blocked, id=9796, stack(0x000000007b890000,0x000000007b990000)]
  0x0000000057f9f000 JavaThread "Thread-1418" [_thread_blocked, id=9788, stack(0x000000007b5f0000,0x000000007b6f0000)]
  0x0000000057f9e000 JavaThread "Timer-705" [_thread_blocked, id=9784, stack(0x000000007b260000,0x000000007b360000)]
  0x0000000057f9d800 JavaThread "Thread-1416" [_thread_blocked, id=9780, stack(0x000000007b0f0000,0x000000007b1f0000)]
  0x0000000057f9c800 JavaThread "Timer-704" [_thread_blocked, id=9776, stack(0x000000007ada0000,0x000000007aea0000)]
  0x000000007025f800 JavaThread "Thread-1414" [_thread_blocked, id=9772, stack(0x000000007aee0000,0x000000007afe0000)]
  0x000000005e327800 JavaThread "Timer-703" [_thread_blocked, id=9768, stack(0x000000007ac90000,0x000000007ad90000)]
  0x0000000068ffe000 JavaThread "Thread-1412" [_thread_blocked, id=9764, stack(0x000000007aae0000,0x000000007abe0000)]
  0x0000000068db2800 JavaThread "Timer-702" [_thread_blocked, id=9760, stack(0x000000007a9b0000,0x000000007aab0000)]
  0x0000000066a3f000 JavaThread "Thread-1410" [_thread_blocked, id=9756, stack(0x0000000067180000,0x0000000067280000)]
  0x000000005da52000 JavaThread "Thread-1408" [_thread_blocked, id=9740, stack(0x0000000079480000,0x0000000079580000)]
  0x000000005aef3000 JavaThread "Timer-700" [_thread_blocked, id=9736, stack(0x000000007a6c0000,0x000000007a7c0000)]
  0x0000000068dca000 JavaThread "Thread-1406" [_thread_blocked, id=9732, stack(0x0000000065410000,0x0000000065510000)]
  0x000000005ac9b800 JavaThread "Thread-1404" [_thread_blocked, id=9708, stack(0x000000007a270000,0x000000007a370000)]
  0x000000007022c000 JavaThread "Thread-1402" [_thread_blocked, id=9700, stack(0x000000006b130000,0x000000006b230000)]
  0x0000000069867800 JavaThread "Thread-1400" [_thread_blocked, id=9676, stack(0x0000000072980000,0x0000000072a80000)]
  0x000000005ace5000 JavaThread "Timer-696" [_thread_blocked, id=9672, stack(0x00000000758e0000,0x00000000759e0000)]
  0x000000005d84f800 JavaThread "Thread-1398" [_thread_blocked, id=9668, stack(0x000000007a070000,0x000000007a170000)]
  0x000000005ace4800 JavaThread "Timer-695" [_thread_blocked, id=9640, stack(0x000000007a170000,0x000000007a270000)]
  0x000000006d27f000 JavaThread "Thread-1396" [_thread_blocked, id=9636, stack(0x0000000079f50000,0x000000007a050000)]
  0x000000005b084800 JavaThread "Thread-1394" [_thread_blocked, id=9628, stack(0x0000000078140000,0x0000000078240000)]
  0x000000005db3a800 JavaThread "Thread-1392" [_thread_blocked, id=9616, stack(0x0000000077a60000,0x0000000077b60000)]
  0x000000005d846800 JavaThread "Timer-692" [_thread_blocked, id=9612, stack(0x0000000060c70000,0x0000000060d70000)]
  0x000000005d844000 JavaThread "Thread-1390" [_thread_blocked, id=9608, stack(0x00000000646f0000,0x00000000647f0000)]
  0x000000005db3b000 JavaThread "Timer-691" [_thread_blocked, id=9600, stack(0x00000000632d0000,0x00000000633d0000)]
  0x000000005d845000 JavaThread "Thread-1388" [_thread_blocked, id=9596, stack(0x0000000077820000,0x0000000077920000)]
  0x000000005db34800 JavaThread "Timer-690" [_thread_blocked, id=9592, stack(0x0000000076720000,0x0000000076820000)]
  0x000000005d8f8800 JavaThread "Timer-689" [_thread_blocked, id=9568, stack(0x00000000740c0000,0x00000000741c0000)]
  0x0000000068db2000 JavaThread "Thread-1384" [_thread_blocked, id=9564, stack(0x000000005eec0000,0x000000005efc0000)]
  0x000000005d8f5800 JavaThread "Timer-687" [_thread_blocked, id=9548, stack(0x0000000075a00000,0x0000000075b00000)]
  0x000000007022a800 JavaThread "Thread-1380" [_thread_blocked, id=9544, stack(0x0000000074750000,0x0000000074850000)]
  0x000000007022d000 JavaThread "Timer-686" [_thread_blocked, id=9536, stack(0x0000000074630000,0x0000000074730000)]
  0x000000005e32c000 JavaThread "Thread-1376" [_thread_blocked, id=9520, stack(0x000000006f350000,0x000000006f450000)]
  0x000000007022b800 JavaThread "Timer-683" [_thread_blocked, id=9500, stack(0x0000000071a90000,0x0000000071b90000)]
  0x0000000070228800 JavaThread "Thread-1372" [_thread_blocked, id=9496, stack(0x0000000064360000,0x0000000064460000)]
  0x000000005aef4000 JavaThread "Timer-682" [_thread_blocked, id=9492, stack(0x000000006e610000,0x000000006e710000)]
  0x000000005d845800 JavaThread "Timer-681" [_thread_blocked, id=9484, stack(0x000000006e3b0000,0x000000006e4b0000)]
  0x000000005d842000 JavaThread "Thread-1368" [_thread_blocked, id=9480, stack(0x000000006a310000,0x000000006a410000)]
  0x000000005d847000 JavaThread "Timer-680" [_thread_blocked, id=9476, stack(0x0000000060730000,0x0000000060830000)]
  0x000000005aef2800 JavaThread "Timer-679" [_thread_blocked, id=9468, stack(0x000000006e0c0000,0x000000006e1c0000)]
  0x000000005aef1800 JavaThread "Thread-1364" [_thread_blocked, id=9464, stack(0x0000000067750000,0x0000000067850000)]
  0x000000005d841000 JavaThread "Thread-1360" [_thread_blocked, id=9448, stack(0x000000006d7b0000,0x000000006d8b0000)]
  0x000000005d849800 JavaThread "Timer-676" [_thread_blocked, id=9444, stack(0x0000000065510000,0x0000000065610000)]
  0x000000005aeef800 JavaThread "Thread-1356" [_thread_blocked, id=9412, stack(0x0000000079c80000,0x0000000079d80000)]
  0x000000005aeee800 JavaThread "Timer-674" [_thread_blocked, id=9408, stack(0x000000006df70000,0x000000006e070000)]
  0x000000005aeed000 JavaThread "Thread-1352" [_thread_blocked, id=9392, stack(0x0000000079b10000,0x0000000079c10000)]
  0x000000005e332000 JavaThread "Thread-1348" [_thread_blocked, id=9372, stack(0x0000000076ac0000,0x0000000076bc0000)]
  0x000000005e32a800 JavaThread "Timer-670" [_thread_blocked, id=9360, stack(0x0000000076850000,0x0000000076950000)]
  0x000000005aeeb800 JavaThread "Timer-669" [_thread_blocked, id=9348, stack(0x0000000079a00000,0x0000000079b00000)]
  0x000000005aeeb000 JavaThread "Thread-1344" [_thread_blocked, id=9344, stack(0x00000000798f0000,0x00000000799f0000)]
  0x000000005aee8800 JavaThread "Thread-1340" [_thread_blocked, id=9320, stack(0x0000000072570000,0x0000000072670000)]
  0x000000005aee8000 JavaThread "Timer-666" [_thread_blocked, id=9316, stack(0x0000000061810000,0x0000000061910000)]
  0x000000005aee7000 JavaThread "Timer-665" [_thread_blocked, id=9308, stack(0x0000000078c20000,0x0000000078d20000)]
  0x000000005aee6800 JavaThread "Thread-1336" [_thread_blocked, id=9304, stack(0x0000000065ce0000,0x0000000065de0000)]
  0x000000005aee5000 JavaThread "Thread-1332" [_thread_blocked, id=9280, stack(0x0000000079270000,0x0000000079370000)]
  0x000000006d25e000 JavaThread "Timer-661" [_thread_blocked, id=9256, stack(0x0000000079380000,0x0000000079480000)]
  0x000000007022a000 JavaThread "Thread-1328" [_thread_blocked, id=9252, stack(0x0000000079110000,0x0000000079210000)]
  0x0000000068dcc000 JavaThread "Timer-660" [_thread_blocked, id=9248, stack(0x0000000075cc0000,0x0000000075dc0000)]
  0x000000005ada0800 JavaThread "Timer-659" [_thread_blocked, id=9236, stack(0x00000000783c0000,0x00000000784c0000)]
  0x0000000070268800 JavaThread "Thread-1324" [_thread_blocked, id=9232, stack(0x0000000078d60000,0x0000000078e60000)]
  0x000000006d27d800 JavaThread "Timer-657" [_thread_blocked, id=7212, stack(0x0000000078b20000,0x0000000078c20000)]
  0x000000007026c000 JavaThread "Thread-1320" [_thread_blocked, id=8240, stack(0x0000000078960000,0x0000000078a60000)]
  0x000000007026a800 JavaThread "Timer-655" [_thread_blocked, id=8352, stack(0x00000000786e0000,0x00000000787e0000)]
  0x000000007026a000 JavaThread "Timer-654" [_thread_blocked, id=7304, stack(0x000000006a5a0000,0x000000006a6a0000)]
  0x0000000070267800 JavaThread "Timer-652" [_thread_blocked, id=8000, stack(0x000000007b420000,0x000000007b520000)]
  0x0000000070266000 JavaThread "Thread-1310" [_thread_blocked, id=7696, stack(0x0000000074d70000,0x0000000074e70000)]
  0x0000000070267000 JavaThread "Timer-651" [_thread_blocked, id=8432, stack(0x0000000073c20000,0x0000000073d20000)]
  0x0000000070264800 JavaThread "Timer-650" [_thread_blocked, id=7592, stack(0x000000006dd60000,0x000000006de60000)]
  0x000000005ae5a800 JavaThread "Thread-1306" [_thread_blocked, id=7996, stack(0x0000000072860000,0x0000000072960000)]
  0x0000000070263000 JavaThread "Timer-648" [_thread_blocked, id=7844, stack(0x00000000604f0000,0x00000000605f0000)]
  0x000000005da55000 JavaThread "Thread-1302" [_thread_blocked, id=8524, stack(0x0000000060b70000,0x0000000060c70000)]
  0x0000000068db4000 JavaThread "Thread-1298" [_thread_blocked, id=7880, stack(0x00000000748b0000,0x00000000749b0000)]
  0x0000000070260000 JavaThread "Timer-644" [_thread_blocked, id=4424, stack(0x0000000074460000,0x0000000074560000)]
  0x000000005da52800 JavaThread "Thread-1294" [_thread_blocked, id=8164, stack(0x0000000060840000,0x0000000060940000)]
  0x0000000070261000 JavaThread "Timer-643" [_thread_blocked, id=8096, stack(0x00000000614a0000,0x00000000615a0000)]
  0x000000005da56800 JavaThread "Thread-1290" [_thread_blocked, id=7916, stack(0x0000000061220000,0x0000000061320000)]
  0x000000005b1f3800 JavaThread "Thread-1286" [_thread_blocked, id=7872, stack(0x000000006fcd0000,0x000000006fdd0000)]
  0x000000005ada3000 JavaThread "Timer-638" [_thread_blocked, id=8656, stack(0x0000000077e00000,0x0000000077f00000)]
  0x000000005d8fa800 JavaThread "Thread-1282" [_thread_blocked, id=7500, stack(0x0000000071fe0000,0x00000000720e0000)]
  0x000000006986c000 JavaThread "Thread-1278" [_thread_blocked, id=4420, stack(0x00000000717d0000,0x00000000718d0000)]
  0x000000005db39000 JavaThread "Thread-1274" [_thread_blocked, id=1284, stack(0x00000000776e0000,0x00000000777e0000)]
  0x000000005b1f5800 JavaThread "Thread-1270" [_thread_blocked, id=8024, stack(0x000000006a6c0000,0x000000006a7c0000)]
  0x000000005db32800 JavaThread "Thread-1266" [_thread_blocked, id=7352, stack(0x000000006ec50000,0x000000006ed50000)]
  0x000000005b087000 JavaThread "Thread-1262" [_thread_blocked, id=2116, stack(0x0000000076c30000,0x0000000076d30000)]
  0x000000005b088800 JavaThread "Timer-627" [_thread_blocked, id=8812, stack(0x0000000061920000,0x0000000061a20000)]
  0x000000006986a000 JavaThread "Thread-1258" [_thread_blocked, id=8032, stack(0x0000000061bb0000,0x0000000061cb0000)]
  0x000000006d25c000 JavaThread "Timer-625" [_thread_blocked, id=8396, stack(0x000000006a880000,0x000000006a980000)]
  0x0000000066a42000 JavaThread "Thread-1254" [_thread_blocked, id=8824, stack(0x0000000074bb0000,0x0000000074cb0000)]
  0x0000000066a41800 JavaThread "Timer-623" [_thread_blocked, id=8992, stack(0x00000000752f0000,0x00000000753f0000)]
  0x000000005ae55800 JavaThread "Thread-1250" [_thread_blocked, id=9136, stack(0x000000006f210000,0x000000006f310000)]
  0x000000006d298000 JavaThread "Timer-620" [_thread_blocked, id=8652, stack(0x000000006f0c0000,0x000000006f1c0000)]
  0x000000005ae57000 JavaThread "Thread-1246" [_thread_blocked, id=6124, stack(0x000000006aa80000,0x000000006ab80000)]
  0x000000005da55800 JavaThread "Timer-618" [_thread_blocked, id=8680, stack(0x0000000068260000,0x0000000068360000)]
  0x000000005da54000 JavaThread "Thread-1242" [_thread_blocked, id=8732, stack(0x0000000065850000,0x0000000065950000)]
  0x000000005da53800 JavaThread "Timer-617" [_thread_blocked, id=8848, stack(0x0000000075b70000,0x0000000075c70000)]
  0x000000005d84b800 JavaThread "Timer-616" [_thread_blocked, id=9168, stack(0x00000000640e0000,0x00000000641e0000)]
  0x000000005d84a000 JavaThread "Thread-1238" [_thread_blocked, id=4052, stack(0x0000000067860000,0x0000000067960000)]
  0x000000005d848800 JavaThread "Thread-1234" [_thread_blocked, id=8632, stack(0x00000000631c0000,0x00000000632c0000)]
  0x0000000068db3800 JavaThread "Thread-1230" [_thread_blocked, id=7524, stack(0x0000000064c90000,0x0000000064d90000)]
  0x000000006986d000 JavaThread "Timer-611" [_thread_blocked, id=7328, stack(0x0000000075dc0000,0x0000000075ec0000)]
  0x000000005ae56800 JavaThread "Thread-1226" [_thread_blocked, id=7876, stack(0x0000000072e90000,0x0000000072f90000)]
  0x000000005ae58000 JavaThread "Timer-609" [_thread_blocked, id=7552, stack(0x0000000073910000,0x0000000073a10000)]
  0x000000005e334800 JavaThread "Thread-1222" [_thread_blocked, id=3772, stack(0x0000000073d60000,0x0000000073e60000)]
  0x000000005ace6800 JavaThread "Timer-607" [_thread_blocked, id=7716, stack(0x0000000065640000,0x0000000065740000)]
  0x000000005e32f000 JavaThread "Timer-606" [_thread_blocked, id=1492, stack(0x0000000074210000,0x0000000074310000)]
  0x000000005e32a000 JavaThread "Thread-1218" [_thread_blocked, id=7652, stack(0x000000006eae0000,0x000000006ebe0000)]
  0x000000005e329000 JavaThread "Timer-604" [_thread_blocked, id=8140, stack(0x00000000733c0000,0x00000000734c0000)]
  0x000000007022d800 JavaThread "Thread-1214" [_thread_blocked, id=8320, stack(0x0000000073b20000,0x0000000073c20000)]
  0x000000005b1f7000 JavaThread "Thread-1210" [_thread_blocked, id=7604, stack(0x00000000700e0000,0x00000000701e0000)]
  0x000000005b1f2000 JavaThread "Timer-601" [_thread_blocked, id=1744, stack(0x0000000071910000,0x0000000071a10000)]
  0x0000000068ffb800 JavaThread "Timer-600" [_thread_blocked, id=2332, stack(0x0000000072230000,0x0000000072330000)]
  0x0000000068ffe800 JavaThread "Thread-1206" [_thread_blocked, id=7388, stack(0x0000000071e20000,0x0000000071f20000)]
  0x0000000068fff800 JavaThread "Timer-599" [_thread_blocked, id=7248, stack(0x000000006fdd0000,0x000000006fed0000)]
  0x000000005db39800 JavaThread "Thread-1202" [_thread_blocked, id=2752, stack(0x00000000673f0000,0x00000000674f0000)]
  0x000000005db38000 JavaThread "Timer-596" [_thread_blocked, id=7400, stack(0x0000000064a30000,0x0000000064b30000)]
  0x000000005db37800 JavaThread "Thread-1198" [_thread_blocked, id=3200, stack(0x000000006ee90000,0x000000006ef90000)]
  0x000000005ac9b000 JavaThread "Thread-1194" [_thread_blocked, id=7680, stack(0x0000000071430000,0x0000000071530000)]
  0x000000005db36000 JavaThread "Timer-593" [_thread_blocked, id=9200, stack(0x000000006f580000,0x000000006f680000)]
  0x0000000068db1000 JavaThread "Thread-1190" [_thread_blocked, id=9172, stack(0x000000006e230000,0x000000006e330000)]
  0x000000006d294800 JavaThread "Thread-1186" [_thread_blocked, id=9076, stack(0x0000000067ce0000,0x0000000067de0000)]
  0x000000006d281800 JavaThread "Thread-1182" [_thread_blocked, id=6112, stack(0x000000006af80000,0x000000006b080000)]
  0x000000005db31800 JavaThread "Thread-1178" [_thread_blocked, id=6704, stack(0x0000000061390000,0x0000000061490000)]
  0x000000005d8f6000 JavaThread "Timer-584" [_thread_blocked, id=7784, stack(0x0000000067f00000,0x0000000068000000)]
  0x000000005d8f4800 JavaThread "Thread-1174" [_thread_blocked, id=8960, stack(0x0000000064910000,0x0000000064a10000)]
  0x000000006d25b000 JavaThread "Thread-1170" [_thread_blocked, id=8868, stack(0x0000000062310000,0x0000000062410000)]
  0x000000005d8f9000 JavaThread "Timer-581" [_thread_blocked, id=8132, stack(0x0000000060610000,0x0000000060710000)]
  0x000000006d296000 JavaThread "Timer-580" [_thread_blocked, id=8820, stack(0x000000005fff0000,0x00000000600f0000)]
  0x000000005db2e000 JavaThread "Thread-1166" [_thread_blocked, id=864, stack(0x000000005f6f0000,0x000000005f7f0000)]
  0x000000006d295000 JavaThread "Timer-579" [_thread_blocked, id=4984, stack(0x0000000060eb0000,0x0000000060fb0000)]
  0x000000007022e800 JavaThread "Thread-1162" [_thread_blocked, id=5912, stack(0x000000006ae10000,0x000000006af10000)]
  0x000000005b084000 JavaThread "Thread-1158" [_thread_blocked, id=5092, stack(0x0000000065210000,0x0000000065310000)]
  0x000000005b085800 JavaThread "Thread-1154" [_thread_blocked, id=8708, stack(0x0000000062c50000,0x0000000062d50000)]
  0x000000006d259000 JavaThread "Thread-1150" [_thread_blocked, id=8676, stack(0x000000005bc20000,0x000000005bd20000)]
  0x000000005ae5b000 JavaThread "Timer-570" [_thread_blocked, id=6756, stack(0x000000006e730000,0x000000006e830000)]
  0x000000005d843800 JavaThread "Thread-1146" [_thread_blocked, id=7512, stack(0x0000000060940000,0x0000000060a40000)]
  0x000000006d283000 JavaThread "Thread-1142" [_thread_blocked, id=3436, stack(0x0000000069db0000,0x0000000069eb0000)]
  0x000000005d84e000 JavaThread "Timer-567" [_thread_blocked, id=8608, stack(0x00000000659a0000,0x0000000065aa0000)]
  0x000000005db31000 JavaThread "Thread-1138" [_thread_blocked, id=8580, stack(0x0000000068020000,0x0000000068120000)]
  0x000000006d280000 JavaThread "Timer-565" [_thread_blocked, id=8564, stack(0x0000000067de0000,0x0000000067ee0000)]
  0x000000006d27d000 JavaThread "Timer-564" [_thread_blocked, id=8500, stack(0x0000000060db0000,0x0000000060eb0000)]
  0x000000005da51000 JavaThread "Thread-1134" [_thread_blocked, id=8492, stack(0x0000000064590000,0x0000000064690000)]
  0x000000005b1f6800 JavaThread "Thread-1130" [_thread_blocked, id=8440, stack(0x000000005f590000,0x000000005f690000)]
  0x000000005da57000 JavaThread "Timer-557" [_thread_blocked, id=8360, stack(0x0000000061a90000,0x0000000061b90000)]
  0x0000000069001000 JavaThread "Timer-554" [_thread_blocked, id=8304, stack(0x00000000603f0000,0x00000000604f0000)]
  0x000000005ada3800 JavaThread "Timer-547" [_thread_blocked, id=3380, stack(0x0000000062110000,0x0000000062210000)]
  0x000000006d259800 JavaThread "Timer-544" [_thread_blocked, id=7820, stack(0x00000000763d0000,0x00000000764d0000)]
  0x000000005ada1800 JavaThread "Timer-534" [_thread_blocked, id=9204, stack(0x0000000065aa0000,0x0000000065ba0000)]
  0x000000005d8fa000 JavaThread "Timer-533" [_thread_blocked, id=9176, stack(0x0000000075160000,0x0000000075260000)]
  0x000000005d84b000 JavaThread "Timer-530" [_thread_blocked, id=9152, stack(0x0000000075600000,0x0000000075700000)]
  0x0000000068dce000 JavaThread "Timer-527" [_thread_blocked, id=9104, stack(0x000000006d9e0000,0x000000006dae0000)]
  0x000000005d8f7000 JavaThread "Timer-520" [_thread_blocked, id=9032, stack(0x00000000647f0000,0x00000000648f0000)]
  0x000000005ada2000 JavaThread "Image Animator 3" daemon [_thread_blocked, id=6468, stack(0x0000000073160000,0x0000000073260000)]
  0x000000006986d800 JavaThread "Direct Clip" daemon [_thread_blocked, id=496, stack(0x0000000072d90000,0x0000000072e90000)]
  0x000000006986a800 JavaThread "Direct Clip" daemon [_thread_blocked, id=1272, stack(0x000000006d580000,0x000000006d680000)]
  0x000000005ac9d000 JavaThread "Image Animator 0" daemon [_thread_blocked, id=5592, stack(0x0000000062e80000,0x0000000062f80000)]
  0x000000005db30000 JavaThread "Direct Clip" daemon [_thread_blocked, id=2656, stack(0x0000000061cc0000,0x0000000061dc0000)]
  0x000000005db2e800 JavaThread "Direct Clip" daemon [_thread_blocked, id=6244, stack(0x0000000061dd0000,0x0000000061ed0000)]
  0x000000005ace6000 JavaThread "Image Animator 0" daemon [_thread_blocked, id=4956, stack(0x00000000630a0000,0x00000000631a0000)]
  0x000000005acdf800 JavaThread "Direct Clip" daemon [_thread_blocked, id=4484, stack(0x000000005fed0000,0x000000005ffd0000)]
  0x000000005ace2800 JavaThread "Thread-11" [_thread_blocked, id=3404, stack(0x000000005fd30000,0x000000005fe30000)]
  0x000000005ace1000 JavaThread "Thread-9" [_thread_blocked, id=5692, stack(0x000000005fbd0000,0x000000005fcd0000)]
  0x000000005ace0800 JavaThread "DestroyJavaVM" [_thread_blocked, id=4488, stack(0x00000000023d0000,0x00000000024d0000)]
  0x000000005ac8e800 JavaThread "Java Sound Event Dispatcher" daemon [_thread_blocked, id=6840, stack(0x000000005d340000,0x000000005d440000)]
  0x000000005aa9e000 JavaThread "TimerQueue" daemon [_thread_blocked, id=5632, stack(0x000000005b6e0000,0x000000005b7e0000)]
  0x000000005aa9f000 JavaThread "Image Animator 2" daemon [_thread_blocked, id=3844, stack(0x000000005b830000,0x000000005b930000)]
  0x000000005aa4e800 JavaThread "Image Animator 3" daemon [_thread_blocked, id=4220, stack(0x000000005b3c0000,0x000000005b4c0000)]
  0x00000000581e8000 JavaThread "AWT-EventQueue-0" [_thread_blocked, id=6932, stack(0x000000005b280000,0x000000005b380000)]
  0x0000000058172800 JavaThread "AWT-Shutdown" [_thread_blocked, id=3184, stack(0x0000000058940000,0x0000000058a40000)]
  0x0000000058172000 JavaThread "Java2D Disposer" daemon [_thread_blocked, id=1032, stack(0x0000000058650000,0x0000000058750000)]
  0x00000000560af800 JavaThread "Service Thread" daemon [_thread_blocked, id=6072, stack(0x0000000058460000,0x0000000058560000)]
  0x00000000560ae800 JavaThread "C1 CompilerThread1" daemon [_thread_blocked, id=1732, stack(0x00000000582b0000,0x00000000583b0000)]
  0x0000000056075000 JavaThread "C2 CompilerThread0" daemon [_thread_blocked, id=4904, stack(0x0000000057cf0000,0x0000000057df0000)]
=>0x0000000056065000 JavaThread "JDWP Command Reader" daemon [_thread_in_native, id=968, stack(0x0000000057b40000,0x0000000057c40000)]
  0x0000000056063800 JavaThread "JDWP Event Helper Thread" daemon [_thread_blocked, id=5792, stack(0x0000000057970000,0x0000000057a70000)]
  0x0000000056053000 JavaThread "JDWP Transport Listener: dt_socket" daemon [_thread_blocked, id=5160, stack(0x0000000057190000,0x0000000057290000)]
  0x0000000056049800 JavaThread "Attach Listener" daemon [_thread_blocked, id=6500, stack(0x0000000057070000,0x0000000057170000)]
  0x0000000056048000 JavaThread "Signal Dispatcher" daemon [_thread_blocked, id=4560, stack(0x0000000056f70000,0x0000000057070000)]
  0x000000005602e800 JavaThread "Finalizer" daemon [_thread_blocked, id=540, stack(0x0000000056e70000,0x0000000056f70000)]
  0x0000000055fe7800 JavaThread "Reference Handler" daemon [_thread_blocked, id=5128, stack(0x0000000056ce0000,0x0000000056de0000)]

Other Threads:
  0x0000000055fdd800 VMThread [stack: 0x0000000056ae0000,0x0000000056be0000] [id=5328]

VM state:at safepoint (normal execution)

VM Mutex/Monitor currently owned by a thread:  ([mutex/lock_event])
[0x000000000236d190] Threads_lock - owner thread: 0x0000000055fdd800

Heap:
 PSYoungGen      total 43520K, used 15362K [0x00000000e0000000, 0x00000000e3700000, 0x0000000100000000)
  eden space 43008K, 34% used [0x00000000e0000000,0x00000000e0eb0a40,0x00000000e2a00000)
  from space 512K, 62% used [0x00000000e2b00000,0x00000000e2b50000,0x00000000e2b80000)
  to   space 6656K, 0% used [0x00000000e3080000,0x00000000e3080000,0x00000000e3700000)
 ParOldGen       total 162816K, used 151064K [0x00000000a0000000, 0x00000000a9f00000, 0x00000000e0000000)
  object space 162816K, 92% used [0x00000000a0000000,0x00000000a9386240,0x00000000a9f00000)
 Metaspace       used 13045K, capacity 13300K, committed 13440K, reserved 1060864K
  class space    used 1474K, capacity 1550K, committed 1664K, reserved 1048576K

Card table byte_map: [0x0000000011c00000,0x0000000011f10000] byte_map_base: 0x0000000011700000

Marking Bits: (ParMarkBitMap*) 0x0000000068bfa6c0
 Begin Bits: [0x00000000123b0000, 0x0000000013bb0000)
 End Bits:   [0x0000000013bb0000, 0x00000000153b0000)

Polling page: 0x0000000000120000

CodeCache: size=245760Kb used=7919Kb max_used=7940Kb free=237840Kb
 bounds [0x0000000002840000, 0x0000000003010000, 0x0000000011840000]
 total_blobs=2394 nmethods=1886 adapters=429
 compilation: enabled

Compilation events (10 events):
Event: 18.851 Thread 0x0000000056075000 2026       4       java.lang.Integer::toString (48 bytes)
Event: 18.859 Thread 0x0000000056075000 nmethod 2026 0x0000000002fe9b50 code [0x0000000002fe9cc0, 0x0000000002fea0d8]
Event: 18.886 Thread 0x00000000560ae800 2027       3       java.awt.image.IndexColorModel::<init> (321 bytes)
Event: 18.888 Thread 0x00000000560ae800 nmethod 2027 0x0000000002ffabd0 code [0x0000000002ffaea0, 0x0000000002ffc3a8]
Event: 18.975 Thread 0x0000000056075000 2028   !   4       io.github.trinnorica.entity.Player::move (997 bytes)
Event: 18.977 Thread 0x00000000560ae800 2029       3       sun.java2d.pipe.DrawImage::transformImage (60 bytes)
Event: 18.977 Thread 0x00000000560ae800 nmethod 2029 0x0000000002fd2810 code [0x0000000002fd29e0, 0x0000000002fd3228]
Event: 18.977 Thread 0x00000000560ae800 2030       3       sun.java2d.loops.Blit$GeneralMaskBlit::Blit (28 bytes)
Event: 18.978 Thread 0x00000000560ae800 nmethod 2030 0x0000000002fd22d0 code [0x0000000002fd2440, 0x0000000002fd2708]
Event: 19.115 Thread 0x0000000056075000 nmethod 2028 0x00000000030020d0 code [0x0000000003002600, 0x0000000003006c98]

GC Heap History (10 events):
Event: 13.445 GC heap before
{Heap before GC invocations=9 (full 0):
 PSYoungGen      total 55296K, used 49539K [0x00000000e0000000, 0x00000000e3c00000, 0x0000000100000000)
  eden space 49152K, 100% used [0x00000000e0000000,0x00000000e3000000,0x00000000e3000000)
  from space 6144K, 6% used [0x00000000e3600000,0x00000000e3660eb0,0x00000000e3c00000)
  to   space 6144K, 0% used [0x00000000e3000000,0x00000000e3000000,0x00000000e3600000)
 ParOldGen       total 162816K, used 150420K [0x00000000a0000000, 0x00000000a9f00000, 0x00000000e0000000)
  object space 162816K, 92% used [0x00000000a0000000,0x00000000a92e5348,0x00000000a9f00000)
 Metaspace       used 12940K, capacity 13172K, committed 13440K, reserved 1060864K
  class space    used 1473K, capacity 1550K, committed 1664K, reserved 1048576K
Event: 13.450 GC heap after
Heap after GC invocations=9 (full 0):
 PSYoungGen      total 48128K, used 320K [0x00000000e0000000, 0x00000000e3b80000, 0x0000000100000000)
  eden space 47616K, 0% used [0x00000000e0000000,0x00000000e0000000,0x00000000e2e80000)
  from space 512K, 62% used [0x00000000e3000000,0x00000000e3050000,0x00000000e3080000)
  to   space 6656K, 0% used [0x00000000e3500000,0x00000000e3500000,0x00000000e3b80000)
 ParOldGen       total 162816K, used 150552K [0x00000000a0000000, 0x00000000a9f00000, 0x00000000e0000000)
  object space 162816K, 92% used [0x00000000a0000000,0x00000000a9306240,0x00000000a9f00000)
 Metaspace       used 12940K, capacity 13172K, committed 13440K, reserved 1060864K
  class space    used 1473K, capacity 1550K, committed 1664K, reserved 1048576K
}
Event: 15.448 GC heap before
{Heap before GC invocations=10 (full 0):
 PSYoungGen      total 48128K, used 47936K [0x00000000e0000000, 0x00000000e3b80000, 0x0000000100000000)
  eden space 47616K, 100% used [0x00000000e0000000,0x00000000e2e80000,0x00000000e2e80000)
  from space 512K, 62% used [0x00000000e3000000,0x00000000e3050000,0x00000000e3080000)
  to   space 6656K, 0% used [0x00000000e3500000,0x00000000e3500000,0x00000000e3b80000)
 ParOldGen       total 162816K, used 150552K [0x00000000a0000000, 0x00000000a9f00000, 0x00000000e0000000)
  object space 162816K, 92% used [0x00000000a0000000,0x00000000a9306240,0x00000000a9f00000)
 Metaspace       used 12981K, capacity 13236K, committed 13440K, reserved 1060864K
  class space    used 1474K, capacity 1550K, committed 1664K, reserved 1048576K
Event: 15.453 GC heap after
Heap after GC invocations=10 (full 0):
 PSYoungGen      total 51200K, used 320K [0x00000000e0000000, 0x00000000e3a00000, 0x0000000100000000)
  eden space 46080K, 0% used [0x00000000e0000000,0x00000000e0000000,0x00000000e2d00000)
  from space 5120K, 6% used [0x00000000e3500000,0x00000000e3550000,0x00000000e3a00000)
  to   space 6656K, 0% used [0x00000000e2d00000,0x00000000e2d00000,0x00000000e3380000)
 ParOldGen       total 162816K, used 150600K [0x00000000a0000000, 0x00000000a9f00000, 0x00000000e0000000)
  object space 162816K, 92% used [0x00000000a0000000,0x00000000a9312240,0x00000000a9f00000)
 Metaspace       used 12981K, capacity 13236K, committed 13440K, reserved 1060864K
  class space    used 1474K, capacity 1550K, committed 1664K, reserved 1048576K
}
Event: 16.701 GC heap before
{Heap before GC invocations=11 (full 0):
 PSYoungGen      total 51200K, used 46400K [0x00000000e0000000, 0x00000000e3a00000, 0x0000000100000000)
  eden space 46080K, 100% used [0x00000000e0000000,0x00000000e2d00000,0x00000000e2d00000)
  from space 5120K, 6% used [0x00000000e3500000,0x00000000e3550000,0x00000000e3a00000)
  to   space 6656K, 0% used [0x00000000e2d00000,0x00000000e2d00000,0x00000000e3380000)
 ParOldGen       total 162816K, used 150600K [0x00000000a0000000, 0x00000000a9f00000, 0x00000000e0000000)
  object space 162816K, 92% used [0x00000000a0000000,0x00000000a9312240,0x00000000a9f00000)
 Metaspace       used 13001K, capacity 13236K, committed 13440K, reserved 1060864K
  class space    used 1474K, capacity 1550K, committed 1664K, reserved 1048576K
Event: 16.704 GC heap after
Heap after GC invocations=11 (full 0):
 PSYoungGen      total 45568K, used 288K [0x00000000e0000000, 0x00000000e3900000, 0x0000000100000000)
  eden space 45056K, 0% used [0x00000000e0000000,0x00000000e0000000,0x00000000e2c00000)
  from space 512K, 56% used [0x00000000e2d00000,0x00000000e2d48000,0x00000000e2d80000)
  to   space 6656K, 0% used [0x00000000e3280000,0x00000000e3280000,0x00000000e3900000)
 ParOldGen       total 162816K, used 150728K [0x00000000a0000000, 0x00000000a9f00000, 0x00000000e0000000)
  object space 162816K, 92% used [0x00000000a0000000,0x00000000a9332240,0x00000000a9f00000)
 Metaspace       used 13001K, capacity 13236K, committed 13440K, reserved 1060864K
  class space    used 1474K, capacity 1550K, committed 1664K, reserved 1048576K
}
Event: 17.789 GC heap before
{Heap before GC invocations=12 (full 0):
 PSYoungGen      total 45568K, used 45344K [0x00000000e0000000, 0x00000000e3900000, 0x0000000100000000)
  eden space 45056K, 100% used [0x00000000e0000000,0x00000000e2c00000,0x00000000e2c00000)
  from space 512K, 56% used [0x00000000e2d00000,0x00000000e2d48000,0x00000000e2d80000)
  to   space 6656K, 0% used [0x00000000e3280000,0x00000000e3280000,0x00000000e3900000)
 ParOldGen       total 162816K, used 150728K [0x00000000a0000000, 0x00000000a9f00000, 0x00000000e0000000)
  object space 162816K, 92% used [0x00000000a0000000,0x00000000a9332240,0x00000000a9f00000)
 Metaspace       used 13014K, capacity 13236K, committed 13440K, reserved 1060864K
  class space    used 1474K, capacity 1550K, committed 1664K, reserved 1048576K
Event: 17.792 GC heap after
Heap after GC invocations=12 (full 0):
 PSYoungGen      total 49664K, used 288K [0x00000000e0000000, 0x00000000e3800000, 0x0000000100000000)
  eden space 44032K, 0% used [0x00000000e0000000,0x00000000e0000000,0x00000000e2b00000)
  from space 5632K, 5% used [0x00000000e3280000,0x00000000e32c8000,0x00000000e3800000)
  to   space 6656K, 0% used [0x00000000e2b00000,0x00000000e2b00000,0x00000000e3180000)
 ParOldGen       total 162816K, used 150904K [0x00000000a0000000, 0x00000000a9f00000, 0x00000000e0000000)
  object space 162816K, 92% used [0x00000000a0000000,0x00000000a935e240,0x00000000a9f00000)
 Metaspace       used 13014K, capacity 13236K, committed 13440K, reserved 1060864K
  class space    used 1474K, capacity 1550K, committed 1664K, reserved 1048576K
}
Event: 18.731 GC heap before
{Heap before GC invocations=13 (full 0):
 PSYoungGen      total 49664K, used 44320K [0x00000000e0000000, 0x00000000e3800000, 0x0000000100000000)
  eden space 44032K, 100% used [0x00000000e0000000,0x00000000e2b00000,0x00000000e2b00000)
  from space 5632K, 5% used [0x00000000e3280000,0x00000000e32c8000,0x00000000e3800000)
  to   space 6656K, 0% used [0x00000000e2b00000,0x00000000e2b00000,0x00000000e3180000)
 ParOldGen       total 162816K, used 150904K [0x00000000a0000000, 0x00000000a9f00000, 0x00000000e0000000)
  object space 162816K, 92% used [0x00000000a0000000,0x00000000a935e240,0x00000000a9f00000)
 Metaspace       used 13036K, capacity 13300K, committed 13440K, reserved 1060864K
  class space    used 1474K, capacity 1550K, committed 1664K, reserved 1048576K
Event: 18.736 GC heap after
Heap after GC invocations=13 (full 0):
 PSYoungGen      total 43520K, used 320K [0x00000000e0000000, 0x00000000e3700000, 0x0000000100000000)
  eden space 43008K, 0% used [0x00000000e0000000,0x00000000e0000000,0x00000000e2a00000)
  from space 512K, 62% used [0x00000000e2b00000,0x00000000e2b50000,0x00000000e2b80000)
  to   space 6656K, 0% used [0x00000000e3080000,0x00000000e3080000,0x00000000e3700000)
 ParOldGen       total 162816K, used 151064K [0x00000000a0000000, 0x00000000a9f00000, 0x00000000e0000000)
  object space 162816K, 92% used [0x00000000a0000000,0x00000000a9386240,0x00000000a9f00000)
 Metaspace       used 13036K, capacity 13300K, committed 13440K, reserved 1060864K
  class space    used 1474K, capacity 1550K, committed 1664K, reserved 1048576K
}

Deoptimization events (10 events):
Event: 18.961 Thread 0x00000000581e8000 Uncommon trap: reason=null_check action=none pc=0x0000000002f00430 method=javax.swing.ImageIcon.<init>(Ljava/net/URL;)V @ 3
Event: 18.962 Thread 0x00000000581e8000 Uncommon trap: reason=null_check action=none pc=0x0000000002f00430 method=javax.swing.ImageIcon.<init>(Ljava/net/URL;)V @ 3
Event: 18.962 Thread 0x00000000581e8000 Uncommon trap: reason=null_check action=none pc=0x0000000002f00430 method=javax.swing.ImageIcon.<init>(Ljava/net/URL;)V @ 3
Event: 18.973 Thread 0x00000000581e8000 Uncommon trap: reason=null_check action=none pc=0x0000000002f00430 method=javax.swing.ImageIcon.<init>(Ljava/net/URL;)V @ 3
Event: 18.975 Thread 0x00000000581e8000 Uncommon trap: reason=null_check action=none pc=0x0000000002f00430 method=javax.swing.ImageIcon.<init>(Ljava/net/URL;)V @ 3
Event: 18.976 Thread 0x00000000581e8000 Uncommon trap: reason=null_check action=none pc=0x0000000002f00430 method=javax.swing.ImageIcon.<init>(Ljava/net/URL;)V @ 3
Event: 18.976 Thread 0x00000000581e8000 Uncommon trap: reason=null_check action=none pc=0x0000000002f00430 method=javax.swing.ImageIcon.<init>(Ljava/net/URL;)V @ 3
Event: 18.976 Thread 0x00000000581e8000 Uncommon trap: reason=null_check action=none pc=0x0000000002f00430 method=javax.swing.ImageIcon.<init>(Ljava/net/URL;)V @ 3
Event: 18.976 Thread 0x00000000581e8000 Uncommon trap: reason=null_check action=none pc=0x0000000002f00430 method=javax.swing.ImageIcon.<init>(Ljava/net/URL;)V @ 3
Event: 18.977 Thread 0x00000000581e8000 Uncommon trap: reason=null_check action=none pc=0x0000000002f00430 method=javax.swing.ImageIcon.<init>(Ljava/net/URL;)V @ 3

Internal exceptions (10 events):
Event: 18.974 Thread 0x0000000066a3b800 Implicit null exception at 0x0000000002fea9dc to 0x0000000002feb857
Event: 18.975 Thread 0x000000005dbe1800 Implicit null exception at 0x0000000002fea9dc to 0x0000000002feb857
Event: 18.976 Thread 0x00000000581e8000 Implicit null exception at 0x0000000002c96a4d to 0x0000000002c990b8
Event: 18.976 Thread 0x00000000581e8000 Exception <a 'java/lang/NullPointerException'> (0x00000000e0e00a30) thrown at [C:\re\workspace\8-2-build-windows-amd64-cygwin\jdk8u111\7883\hotspot\src\share\vm\runtime\sharedRuntime.cpp, line 605]
Event: 18.976 Thread 0x00000000581e8000 Implicit null exception at 0x0000000002c96a4d to 0x0000000002c990b8
Event: 18.976 Thread 0x00000000581e8000 Exception <a 'java/lang/NullPointerException'> (0x00000000e0e03a90) thrown at [C:\re\workspace\8-2-build-windows-amd64-cygwin\jdk8u111\7883\hotspot\src\share\vm\runtime\sharedRuntime.cpp, line 605]
Event: 18.976 Thread 0x00000000581e8000 Implicit null exception at 0x0000000002c96a4d to 0x0000000002c990b8
Event: 18.976 Thread 0x00000000581e8000 Exception <a 'java/lang/NullPointerException'> (0x00000000e0e06af0) thrown at [C:\re\workspace\8-2-build-windows-amd64-cygwin\jdk8u111\7883\hotspot\src\share\vm\runtime\sharedRuntime.cpp, line 605]
Event: 18.977 Thread 0x00000000581e8000 Implicit null exception at 0x0000000002c96a4d to 0x0000000002c990b8
Event: 18.977 Thread 0x00000000581e8000 Exception <a 'java/lang/NullPointerException'> (0x00000000e0e09b50) thrown at [C:\re\workspace\8-2-build-windows-amd64-cygwin\jdk8u111\7883\hotspot\src\share\vm\runtime\sharedRuntime.cpp, line 605]

Events (10 events):
Event: 19.115 loading class sun/java2d/pipe/hw/AccelDeviceEventNotifier done
Event: 19.131 Thread 0x0000000068ffd000 Thread exited: 0x0000000068ffd000
Event: 19.140 Thread 0x000000005b08a000 Thread exited: 0x000000005b08a000
Event: 19.147 Thread 0x000000005b083000 Thread exited: 0x000000005b083000
Event: 19.156 Thread 0x000000006c76b000 Thread exited: 0x000000006c76b000
Event: 19.180 Thread 0x0000000057ff5000 Thread exited: 0x0000000057ff5000
Event: 19.200 Thread 0x0000000058176000 Thread exited: 0x0000000058176000
Event: 19.211 Thread 0x000000006d258000 Thread exited: 0x000000006d258000
Event: 19.214 Thread 0x000000005dbe3000 Thread exited: 0x000000005dbe3000
Event: 19.226 Executing VM operation: Exit


Dynamic libraries:
0x000000013fd20000 - 0x000000013fd57000 	C:\Program Files\Java\jre1.8.0_111\bin\javaw.exe
0x0000000077100000 - 0x00000000772aa000 	C:\Windows\SYSTEM32\ntdll.dll
0x0000000076fe0000 - 0x00000000770ff000 	C:\Windows\system32\kernel32.dll
0x000007fefd020000 - 0x000007fefd08a000 	C:\Windows\system32\KERNELBASE.dll
0x000007fefde40000 - 0x000007fefdf1b000 	C:\Windows\system32\ADVAPI32.dll
0x000007fefd930000 - 0x000007fefd9cf000 	C:\Windows\system32\msvcrt.dll
0x000007fefd300000 - 0x000007fefd31f000 	C:\Windows\SYSTEM32\sechost.dll
0x000007fefe1b0000 - 0x000007fefe2dd000 	C:\Windows\system32\RPCRT4.dll
0x0000000076ee0000 - 0x0000000076fda000 	C:\Windows\system32\USER32.dll
0x000007feff090000 - 0x000007feff0f7000 	C:\Windows\system32\GDI32.dll
0x000007fefdab0000 - 0x000007fefdabe000 	C:\Windows\system32\LPK.dll
0x000007feff2c0000 - 0x000007feff38a000 	C:\Windows\system32\USP10.dll
0x000007fefb950000 - 0x000007fefbb44000 	C:\Windows\WinSxS\amd64_microsoft.windows.common-controls_6595b64144ccf1df_6.0.7601.18837_none_fa3b1e3d17594757\COMCTL32.dll
0x000007feff240000 - 0x000007feff2b1000 	C:\Windows\system32\SHLWAPI.dll
0x000007fefd320000 - 0x000007fefd34e000 	C:\Windows\system32\IMM32.DLL
0x000007fefd350000 - 0x000007fefd459000 	C:\Windows\system32\MSCTF.dll
0x0000000065fc0000 - 0x0000000066092000 	C:\Program Files\Java\jre1.8.0_111\bin\msvcr100.dll
0x00000000683e0000 - 0x0000000068c7a000 	C:\Program Files\Java\jre1.8.0_111\bin\server\jvm.dll
0x000007fefc330000 - 0x000007fefc339000 	C:\Windows\system32\WSOCK32.dll
0x000007fefd6b0000 - 0x000007fefd6fd000 	C:\Windows\system32\WS2_32.dll
0x000007fefd640000 - 0x000007fefd648000 	C:\Windows\system32\NSI.dll
0x000007fefa650000 - 0x000007fefa68b000 	C:\Windows\system32\WINMM.dll
0x000007fefc320000 - 0x000007fefc32c000 	C:\Windows\system32\VERSION.dll
0x00000000772d0000 - 0x00000000772d7000 	C:\Windows\system32\PSAPI.DLL
0x0000000073ae0000 - 0x0000000073aef000 	C:\Program Files\Java\jre1.8.0_111\bin\verify.dll
0x0000000073ab0000 - 0x0000000073ad9000 	C:\Program Files\Java\jre1.8.0_111\bin\java.dll
0x0000000067b20000 - 0x0000000067b55000 	C:\Program Files\Java\jre1.8.0_111\bin\jdwp.dll
0x000000006a580000 - 0x000000006a588000 	C:\Program Files\Java\jre1.8.0_111\bin\npt.dll
0x0000000073a90000 - 0x0000000073aa6000 	C:\Program Files\Java\jre1.8.0_111\bin\zip.dll
0x000007fefe2e0000 - 0x000007feff06a000 	C:\Windows\system32\SHELL32.dll
0x000007fefdc30000 - 0x000007fefde33000 	C:\Windows\system32\ole32.dll
0x000007fefcf40000 - 0x000007fefcf4f000 	C:\Windows\system32\profapi.dll
0x000000006a860000 - 0x000000006a869000 	C:\Program Files\Java\jre1.8.0_111\bin\dt_socket.dll
0x000007fefa8f0000 - 0x000007fefa905000 	C:\Windows\system32\NLAapi.dll
0x000007fef91c0000 - 0x000007fef91d5000 	C:\Windows\system32\napinsp.dll
0x000007fef91e0000 - 0x000007fef91f9000 	C:\Windows\system32\pnrpnsp.dll
0x000007fefc6e0000 - 0x000007fefc735000 	C:\Windows\System32\mswsock.dll
0x000007fefc560000 - 0x000007fefc5bb000 	C:\Windows\system32\DNSAPI.dll
0x000007fef91b0000 - 0x000007fef91bb000 	C:\Windows\System32\winrnr.dll
0x000007fef9990000 - 0x000007fef99be000 	C:\Program Files\Common Files\Microsoft Shared\Windows Live\WLIDNSP.DLL
0x0000000073660000 - 0x0000000073686000 	C:\Program Files\Bonjour\mdnsNSP.dll
0x000007fefa3a0000 - 0x000007fefa3c7000 	C:\Windows\system32\Iphlpapi.DLL
0x000007fefa320000 - 0x000007fefa32b000 	C:\Windows\system32\WINNSI.DLL
0x000007fefa1a0000 - 0x000007fefa1f3000 	C:\Windows\System32\fwpuclnt.dll
0x000007fef92d0000 - 0x000007fef92d8000 	C:\Windows\system32\rasadhlp.dll
0x000007fefbf30000 - 0x000007fefbf37000 	C:\Windows\System32\wshtcpip.dll
0x0000000065e20000 - 0x0000000065fb8000 	C:\Program Files\Java\jre1.8.0_111\bin\awt.dll
0x000007fefd9d0000 - 0x000007fefdaaa000 	C:\Windows\system32\OLEAUT32.dll
0x000007fefb0a0000 - 0x000007fefb0b8000 	C:\Windows\system32\DWMAPI.DLL
0x000007fefc740000 - 0x000007fefc758000 	C:\Windows\system32\CRYPTSP.dll
0x000007fefc440000 - 0x000007fefc487000 	C:\Windows\system32\rsaenh.dll
0x000007fefd2e0000 - 0x000007fefd2fe000 	C:\Windows\system32\USERENV.dll
0x000007fefcda0000 - 0x000007fefcdaf000 	C:\Windows\system32\CRYPTBASE.dll
0x0000000073a70000 - 0x0000000073a8a000 	C:\Program Files\Java\jre1.8.0_111\bin\net.dll
0x000007fefc6d0000 - 0x000007fefc6d7000 	C:\Windows\System32\wship6.dll
0x000007fefa0d0000 - 0x000007fefa0e1000 	C:\Windows\system32\dhcpcsvc6.DLL
0x000007fefa050000 - 0x000007fefa068000 	C:\Windows\system32\dhcpcsvc.DLL
0x0000000073a50000 - 0x0000000073a61000 	C:\Program Files\Java\jre1.8.0_111\bin\nio.dll
0x000007fefb600000 - 0x000007fefb656000 	C:\Windows\system32\uxtheme.dll
0x000007fef60b0000 - 0x000007fef612f000 	C:\Program Files\Common Files\microsoft shared\ink\tiptsf.dll
0x000007fefab20000 - 0x000007fefab4c000 	C:\Windows\system32\powrprof.dll
0x000007fefd460000 - 0x000007fefd637000 	C:\Windows\system32\SETUPAPI.dll
0x000007fefcfe0000 - 0x000007fefd016000 	C:\Windows\system32\CFGMGR32.dll
0x000007fefd090000 - 0x000007fefd0aa000 	C:\Windows\system32\DEVOBJ.dll
0x0000000067ad0000 - 0x0000000067b17000 	C:\Program Files\Java\jre1.8.0_111\bin\fontmanager.dll
0x000007feff1a0000 - 0x000007feff239000 	C:\Windows\system32\CLBCatQ.DLL
0x000007fef9c50000 - 0x000007fef9ca4000 	C:\Windows\system32\oleacc.dll
0x000000006a540000 - 0x000000006a54c000 	C:\Program Files\Java\jre1.8.0_111\bin\jsound.dll
0x0000000067ac0000 - 0x0000000067acb000 	C:\Program Files\Java\jre1.8.0_111\bin\jsoundds.dll
0x000007feecd20000 - 0x000007feecda8000 	C:\Windows\system32\DSOUND.dll
0x000007fefb1f0000 - 0x000007fefb23b000 	C:\Windows\system32\MMDevAPI.DLL
0x000007fefb0c0000 - 0x000007fefb1ec000 	C:\Windows\system32\PROPSYS.dll
0x000007fef5b60000 - 0x000007fef5b9b000 	C:\Windows\system32\wdmaud.drv
0x000000006f1e0000 - 0x000000006f1e6000 	C:\Windows\system32\ksuser.dll
0x000007fefab10000 - 0x000007fefab19000 	C:\Windows\system32\AVRT.dll
0x000007fefa3f0000 - 0x000007fefa43f000 	C:\Windows\system32\AUDIOSES.DLL
0x000007fefa260000 - 0x000007fefa26a000 	C:\Windows\system32\msacm32.drv
0x000007fefbcd0000 - 0x000007fefbce8000 	C:\Windows\system32\MSACM32.dll
0x000007fefa440000 - 0x000007fefa449000 	C:\Windows\system32\midimap.dll
0x0000000067a70000 - 0x0000000067ab2000 	C:\Program Files\Java\jre1.8.0_111\bin\t2k.dll
0x000007fef5540000 - 0x000007fef5665000 	C:\Windows\system32\dbghelp.dll

VM Arguments:
jvm_args: -agentlib:jdwp=transport=dt_socket,suspend=y,address=localhost:54505 -Dfile.encoding=Cp1252 
java_command: io.github.trinnorica.Main
java_class_path (initial): C:\Users\Administrator.HS-BUS-27\workspace\CG-SP_2016-2017\target\classes
Launcher Type: SUN_STANDARD

Environment Variables:
CLASSPATH=.;C:\Program Files (x86)\Java\jre6\lib\ext\QTJava.zip
PATH=C:/Program Files/Java/jre1.8.0_111/bin/server;C:/Program Files/Java/jre1.8.0_111/bin;C:/Program Files/Java/jre1.8.0_111/lib/amd64;C:\ProgramData\Oracle\Java\javapath;C:\Program Files\Common Files\Microsoft Shared\Windows Live;C:\Program Files (x86)\Common Files\Microsoft Shared\Windows Live;C:\Windows\system32;C:\Windows;C:\Windows\System32\Wbem;C:\Windows\System32\WindowsPowerShell\v1.0\;C:\Program Files (x86)\NTRU Cryptosystems\NTRU TCG Software Stack\bin\;C:\Program Files\NTRU Cryptosystems\NTRU TCG Software Stack\bin\;C:\Program Files\Dell\Dell Data Protection\Access\Advanced\Wave\Gemalto\Access Client\v5\;C:\Program Files (x86)\Windows Live\Shared;C:\Program Files (x86)\Common Files\Roxio Shared\DLLShared\;C:\Program Files (x86)\Common Files\Roxio Shared\OEM\DLLShared\;C:\Program Files (x86)\Common Files\Roxio Shared\OEM\DLLShared\;C:\Program Files (x86)\Common Files\Roxio Shared\OEM\12.0\DLLShared\;C:\Program Files (x86)\Roxio\OEM\AudioCore\;C:\Program Files (x86)\QuickTime\QTSystem\;C:\Program Files (x86)\Heroku\bin;C:\Program Files (x86)\git\cmd;C:\Program Files\nodejs\;C:\Program Files (x86)\GtkSharp\2.12\bin;C:\Program Files\Git\cmd;C:\Program Files (x86)\Skype\Phone\;C:\Program Files\Eclipse\eclipse;
USERNAME=Administrator
OS=Windows_NT
PROCESSOR_IDENTIFIER=Intel64 Family 6 Model 26 Stepping 5, GenuineIntel



---------------  S Y S T E M  ---------------

OS: Windows 7 , 64 bit Build 7601 (6.1.7601.23572)

CPU:total 2 (2 cores per cpu, 1 threads per core) family 6 model 26 stepping 5, cmov, cx8, fxsr, mmx, sse, sse2, sse3, ssse3, sse4.1, sse4.2, popcnt, tsc, tscinvbit, tscinv

Memory: 4k page, physical 6288952k(2939504k free), swap 12576044k(9048336k free)

vm_info: Java HotSpot(TM) 64-Bit Server VM (25.111-b14) for windows-amd64 JRE (1.8.0_111-b14), built on Sep 22 2016 19:24:05 by "java_re" with MS VC++ 10.0 (VS2010)

time: Wed Feb 15 12:31:06 2017
elapsed time: 19 seconds (0d 0h 0m 19s)

