#
# A fatal error has been detected by the Java Runtime Environment:
#
#  EXCEPTION_ACCESS_VIOLATION (0xc0000005) at pc=0x000000006d1c7273, pid=13364, tid=0x0000000000001c48
#
# JRE version: Java(TM) SE Runtime Environment (8.0_111-b14) (build 1.8.0_111-b14)
# Java VM: Java HotSpot(TM) 64-Bit Server VM (25.111-b14 mixed mode windows-amd64 compressed oops)
# Problematic frame:
# V  [jvm.dll+0x217273]
#
# Failed to write core dump. Minidumps are not enabled by default on client versions of Windows
#
# If you would like to submit a bug report, please visit:
#   http://bugreport.java.com/bugreport/crash.jsp
#

---------------  T H R E A D  ---------------

Current thread (0x00000000560f3000):  JavaThread "JDWP Transport Listener: dt_socket" daemon [_thread_in_vm, id=7240, stack(0x0000000057820000,0x0000000057920000)]

siginfo: ExceptionCode=0xc0000005, reading address 0x0000000000000158

Registers:
RAX=0x0000000000000100, RBX=0x0000000000000100, RCX=0x0000000000000000, RDX=0x0000000067ca1200
RSP=0x000000005791f4f0, RBP=0x0000000000000000, RSI=0x0000000000000006, RDI=0x0000000067ca1200
R8 =0x0000000000000100, R9 =0x00000000560f3000, R10=0x0000000000000000, R11=0x0000000000000000
R12=0x0000000000000000, R13=0x00000000560fa3b8, R14=0x0000000000000000, R15=0x0000000000000000
RIP=0x000000006d1c7273, EFLAGS=0x0000000000010206

Top of Stack: (sp=0x000000005791f4f0)
0x000000005791f4f0:   00000000560f3000 0000000067ca1200
0x000000005791f500:   000000005791f608 000000006d170227
0x000000005791f510:   00000000657b9000 000000006d153dd7
0x000000005791f520:   0000000067ca1200 000000005791f608
0x000000005791f530:   0000000000000006 000000006d159aea
0x000000005791f540:   00000000657b9000 000000006d155c69
0x000000005791f550:   0000000000000005 0000000000000000
0x000000005791f560:   000000005791f640 0000000073911096
0x000000005791f570:   000000005791f608 000000006d2e37c8
0x000000005791f580:   00000000560f3000 000000000210ee80
0x000000005791f590:   000000005b03b758 000000006d0ee220
0x000000005791f5a0:   00000000560f3000 0000000000000000
0x000000005791f5b0:   0000000000000000 0000000000000000
0x000000005791f5c0:   000000005791f640 000000007390d403
0x000000005791f5d0:   000000005791f648 000000005b03b758
0x000000005791f5e0:   000000005b03b758 0000000000000000 

Instructions: (pc=0x000000006d1c7273)
0x000000006d1c7253:   79 60 00 00 4c 8b 1f 49 f7 c3 fe ff ff ff 74 32
0x000000006d1c7263:   41 f6 c3 01 74 89 eb 2a 48 83 e3 fe 48 89 5f 10
0x000000006d1c7273:   48 8b 43 58 48 89 47 10 48 89 5f 18 e8 4c 60 00
0x000000006d1c7283:   00 4c 8b 1f 41 f6 c3 01 75 08 48 8b cb e8 1b 17 


Register to memory mapping:

RAX=0x0000000000000100 is an unknown value
RBX=0x0000000000000100 is an unknown value
RCX=0x0000000000000000 is an unknown value
RDX=0x0000000067ca1200 is an unknown value
RSP=0x000000005791f4f0 is pointing into the stack for thread: 0x00000000560f3000
RBP=0x0000000000000000 is an unknown value
RSI=0x0000000000000006 is an unknown value
RDI=0x0000000067ca1200 is an unknown value
R8 =0x0000000000000100 is an unknown value
R9 =0x00000000560f3000 is a thread
R10=0x0000000000000000 is an unknown value
R11=0x0000000000000000 is an unknown value
R12=0x0000000000000000 is an unknown value
R13=0x00000000560fa3b8 is an unknown value
R14=0x0000000000000000 is an unknown value
R15=0x0000000000000000 is an unknown value


Stack: [0x0000000057820000,0x0000000057920000],  sp=0x000000005791f4f0,  free space=1021k
Native frames: (J=compiled Java code, j=interpreted, Vv=VM code, C=native code)


---------------  P R O C E S S  ---------------

Java Threads: ( => current thread )
  0x000000005e42f000 JavaThread "Timer-15730" [_thread_blocked, id=13444, stack(0x0000000079550000,0x0000000079650000)]
  0x000000005e42c000 JavaThread "Thread-31466" [_thread_blocked, id=9084, stack(0x000000005a6b0000,0x000000005a7b0000)]
  0x00000000657c0000 JavaThread "Timer-15729" [_thread_blocked, id=8004, stack(0x00000000611d0000,0x00000000612d0000)]
  0x000000005e788800 JavaThread "Timer-15728" [_thread_blocked, id=15308, stack(0x0000000079f60000,0x000000007a060000)]
  0x000000005e789800 JavaThread "Timer-15727" [_thread_blocked, id=15572, stack(0x0000000068f70000,0x0000000069070000)]
  0x000000005b235800 JavaThread "Timer-15726" [_thread_blocked, id=4692, stack(0x0000000075270000,0x0000000075370000)]
  0x000000005edf2800 JavaThread "Timer-15725" [_thread_blocked, id=14400, stack(0x000000005a590000,0x000000005a690000)]
  0x000000005613d000 JavaThread "Timer-15724" [_thread_blocked, id=5936, stack(0x0000000060c60000,0x0000000060d60000)]
  0x000000005b18b000 JavaThread "Timer-15723" [_thread_blocked, id=3680, stack(0x00000000646b0000,0x00000000647b0000)]
  0x000000005e790800 JavaThread "Timer-15722" [_thread_blocked, id=16192, stack(0x0000000064490000,0x0000000064590000)]
  0x000000005b234800 JavaThread "Timer-15721" [_thread_blocked, id=13856, stack(0x00000000730b0000,0x00000000731b0000)]
  0x000000005af0c000 JavaThread "Timer-15720" [_thread_blocked, id=6216, stack(0x0000000078050000,0x0000000078150000)]
  0x000000005af0f000 JavaThread "Timer-15719" [_thread_blocked, id=4144, stack(0x0000000079880000,0x0000000079980000)]
  0x000000005af0e000 JavaThread "Timer-15718" [_thread_blocked, id=17044, stack(0x0000000078a60000,0x0000000078b60000)]
  0x0000000058040000 JavaThread "Timer-15717" [_thread_blocked, id=15488, stack(0x0000000077f40000,0x0000000078040000)]
  0x000000005613b800 JavaThread "Timer-15716" [_thread_blocked, id=10500, stack(0x0000000061c90000,0x0000000061d90000)]
  0x000000005ed6f000 JavaThread "Timer-15715" [_thread_blocked, id=8680, stack(0x0000000069070000,0x0000000069170000)]
  0x000000005b0b9000 JavaThread "Timer-15714" [_thread_blocked, id=14364, stack(0x0000000061da0000,0x0000000061ea0000)]
  0x0000000057f1b000 JavaThread "Timer-15713" [_thread_blocked, id=6532, stack(0x000000006aa90000,0x000000006ab90000)]
  0x0000000057f1c000 JavaThread "Timer-15712" [_thread_blocked, id=8088, stack(0x000000005f550000,0x000000005f650000)]
  0x0000000058045000 JavaThread "Timer-15711" [_thread_blocked, id=8584, stack(0x0000000066f20000,0x0000000067020000)]
  0x000000005800a000 JavaThread "Timer-15710" [_thread_blocked, id=5332, stack(0x000000006a420000,0x000000006a520000)]
  0x00000000657bb800 JavaThread "Timer-15709" [_thread_blocked, id=12172, stack(0x0000000062bf0000,0x0000000062cf0000)]
  0x000000005613a800 JavaThread "Timer-15708" [_thread_blocked, id=6944, stack(0x0000000080980000,0x0000000080a80000)]
  0x000000005ed6c000 JavaThread "Timer-15707" [_thread_blocked, id=15932, stack(0x0000000068a70000,0x0000000068b70000)]
  0x0000000057fbd000 JavaThread "Timer-15706" [_thread_blocked, id=4336, stack(0x000000007e380000,0x000000007e480000)]
  0x0000000072205800 JavaThread "Timer-15705" [_thread_blocked, id=7448, stack(0x000000006e160000,0x000000006e260000)]
  0x0000000058043000 JavaThread "Timer-15704" [_thread_blocked, id=11960, stack(0x0000000074530000,0x0000000074630000)]
  0x000000005b1b0800 JavaThread "Timer-15702" [_thread_blocked, id=5748, stack(0x0000000079670000,0x0000000079770000)]
  0x000000005b1b1800 JavaThread "Timer-15701" [_thread_blocked, id=5076, stack(0x0000000074000000,0x0000000074100000)]
  0x000000005800b000 JavaThread "Timer-15700" [_thread_blocked, id=4712, stack(0x0000000076660000,0x0000000076760000)]
  0x000000005e642000 JavaThread "Timer-15699" [_thread_blocked, id=13024, stack(0x000000007df90000,0x000000007e090000)]
  0x0000000057fbd800 JavaThread "Timer-15698" [_thread_blocked, id=16732, stack(0x0000000076870000,0x0000000076970000)]
  0x0000000057fbe800 JavaThread "Timer-15697" [_thread_blocked, id=7332, stack(0x0000000079d30000,0x0000000079e30000)]
  0x000000005e64b800 JavaThread "Timer-15696" [_thread_blocked, id=8656, stack(0x000000007de50000,0x000000007df50000)]
  0x000000005803c800 JavaThread "Timer-15695" [_thread_blocked, id=12040, stack(0x0000000076530000,0x0000000076630000)]
  0x000000005e649800 JavaThread "Timer-15694" [_thread_blocked, id=11472, stack(0x000000006bc80000,0x000000006bd80000)]
  0x000000005803e000 JavaThread "Timer-15693" [_thread_blocked, id=11404, stack(0x000000006c0d0000,0x000000006c1d0000)]
  0x000000005e643000 JavaThread "Timer-15692" [_thread_blocked, id=13468, stack(0x000000007b030000,0x000000007b130000)]
  0x00000000657c3800 JavaThread "Timer-15691" [_thread_blocked, id=9300, stack(0x000000007d680000,0x000000007d780000)]
  0x000000005e641800 JavaThread "Timer-15690" [_thread_blocked, id=10204, stack(0x00000000664f0000,0x00000000665f0000)]
  0x0000000067d36800 JavaThread "Timer-15689" [_thread_blocked, id=4136, stack(0x00000000668f0000,0x00000000669f0000)]
  0x000000005b18c000 JavaThread "Timer-15687" [_thread_blocked, id=10396, stack(0x0000000077a80000,0x0000000077b80000)]
  0x000000005805f000 JavaThread "Timer-15686" [_thread_blocked, id=16012, stack(0x000000006b250000,0x000000006b350000)]
  0x000000005613c000 JavaThread "Timer-15685" [_thread_blocked, id=11828, stack(0x0000000060270000,0x0000000060370000)]
  0x000000005805c000 JavaThread "Timer-15684" [_thread_blocked, id=8172, stack(0x0000000060150000,0x0000000060250000)]
  0x000000005b0bf000 JavaThread "Timer-15683" [_thread_blocked, id=5752, stack(0x00000000617d0000,0x00000000618d0000)]
  0x000000005b0b7000 JavaThread "Timer-15682" [_thread_blocked, id=13556, stack(0x0000000062f90000,0x0000000063090000)]
  0x0000000070694000 JavaThread "Timer-15681" [_thread_blocked, id=16352, stack(0x0000000078250000,0x0000000078350000)]
  0x000000005805d800 JavaThread "Timer-15680" [_thread_blocked, id=3700, stack(0x000000007e9f0000,0x000000007eaf0000)]
  0x0000000071ea1000 JavaThread "Timer-15679" [_thread_blocked, id=5784, stack(0x000000007d780000,0x000000007d880000)]
  0x0000000071ea3000 JavaThread "Timer-15678" [_thread_blocked, id=8224, stack(0x0000000064c50000,0x0000000064d50000)]
  0x000000005ac07800 JavaThread "Timer-15677" [_thread_blocked, id=10808, stack(0x0000000076190000,0x0000000076290000)]
  0x000000005b1ae000 JavaThread "Timer-15676" [_thread_blocked, id=10064, stack(0x0000000076dc0000,0x0000000076ec0000)]
  0x0000000058041800 JavaThread "Timer-15675" [_thread_blocked, id=14480, stack(0x000000006e2b0000,0x000000006e3b0000)]
  0x000000005ac08000 JavaThread "Timer-15674" [_thread_blocked, id=9160, stack(0x000000007b590000,0x000000007b690000)]
  0x0000000072206000 JavaThread "Timer-15673" [_thread_blocked, id=9572, stack(0x0000000069300000,0x0000000069400000)]
  0x000000005e430000 JavaThread "Timer-15672" [_thread_blocked, id=15940, stack(0x000000007c0e0000,0x000000007c1e0000)]
  0x0000000067d38000 JavaThread "Timer-15671" [_thread_blocked, id=9536, stack(0x000000007ba30000,0x000000007bb30000)]
  0x0000000067c70800 JavaThread "Timer-15669" [_thread_blocked, id=4416, stack(0x00000000758d0000,0x00000000759d0000)]
  0x00000000700d9800 JavaThread "Timer-15668" [_thread_blocked, id=17152, stack(0x00000000757d0000,0x00000000758d0000)]
  0x000000005e644800 JavaThread "Timer-15666" [_thread_blocked, id=2232, stack(0x00000000714b0000,0x00000000715b0000)]
  0x0000000067c6a800 JavaThread "Timer-15665" [_thread_blocked, id=10096, stack(0x0000000070930000,0x0000000070a30000)]
  0x00000000580c3800 JavaThread "Timer-15664" [_thread_blocked, id=13280, stack(0x0000000070f90000,0x0000000071090000)]
  0x00000000580c5000 JavaThread "Timer-15663" [_thread_blocked, id=11608, stack(0x0000000070810000,0x0000000070910000)]
  0x000000005e647800 JavaThread "Timer-15662" [_thread_blocked, id=16624, stack(0x00000000603b0000,0x00000000604b0000)]
  0x0000000070698800 JavaThread "Timer-15661" [_thread_blocked, id=6964, stack(0x000000006ac90000,0x000000006ad90000)]
  0x00000000700db800 JavaThread "Timer-15660" [_thread_blocked, id=14752, stack(0x000000006bd80000,0x000000006be80000)]
  0x0000000067c6b000 JavaThread "Timer-15659" [_thread_blocked, id=11432, stack(0x000000006c620000,0x000000006c720000)]
  0x0000000070696000 JavaThread "Timer-15658" [_thread_blocked, id=16456, stack(0x000000006d980000,0x000000006da80000)]
  0x000000005afae800 JavaThread "Timer-15657" [_thread_blocked, id=5560, stack(0x0000000075b80000,0x0000000075c80000)]
  0x0000000057fc1000 JavaThread "Timer-15656" [_thread_blocked, id=9884, stack(0x0000000069f30000,0x000000006a030000)]
  0x0000000067c63800 JavaThread "Timer-15655" [_thread_blocked, id=10748, stack(0x000000006ba10000,0x000000006bb10000)]
  0x000000005ac03000 JavaThread "Timer-15654" [_thread_blocked, id=7364, stack(0x0000000080820000,0x0000000080920000)]
  0x000000005abf1000 JavaThread "Timer-15653" [_thread_blocked, id=5836, stack(0x0000000080150000,0x0000000080250000)]
  0x000000005ac47000 JavaThread "Timer-15652" [_thread_blocked, id=5620, stack(0x00000000805a0000,0x00000000806a0000)]
  0x000000005e999000 JavaThread "Timer-15650" [_thread_blocked, id=11304, stack(0x0000000074e10000,0x0000000074f10000)]
  0x0000000067a6a000 JavaThread "Timer-15649" [_thread_blocked, id=3208, stack(0x000000007ed80000,0x000000007ee80000)]
  0x000000005ac4b000 JavaThread "Timer-15647" [_thread_blocked, id=7592, stack(0x0000000071210000,0x0000000071310000)]
  0x0000000057fc3000 JavaThread "Timer-15645" [_thread_blocked, id=4284, stack(0x0000000064360000,0x0000000064460000)]
  0x000000005e16c000 JavaThread "Timer-15642" [_thread_blocked, id=3544, stack(0x0000000069d20000,0x0000000069e20000)]
  0x000000005e16a800 JavaThread "Timer-15641" [_thread_blocked, id=11736, stack(0x00000000731c0000,0x00000000732c0000)]
  0x000000005ed73800 JavaThread "Timer-15640" [_thread_blocked, id=8476, stack(0x000000007fff0000,0x00000000800f0000)]
  0x0000000058046800 JavaThread "Timer-15639" [_thread_blocked, id=10508, stack(0x0000000073f00000,0x0000000074000000)]
  0x000000005804b000 JavaThread "Timer-15638" [_thread_blocked, id=14800, stack(0x000000007ee90000,0x000000007ef90000)]
  0x0000000067c64800 JavaThread "Timer-15637" [_thread_blocked, id=11612, stack(0x0000000064e50000,0x0000000064f50000)]
  0x0000000067c6d800 JavaThread "Timer-15635" [_thread_blocked, id=16952, stack(0x0000000071b20000,0x0000000071c20000)]
  0x000000005ac06800 JavaThread "Timer-15634" [_thread_blocked, id=9288, stack(0x0000000073320000,0x0000000073420000)]
  0x000000005b18f000 JavaThread "Timer-15633" [_thread_blocked, id=11316, stack(0x0000000066b60000,0x0000000066c60000)]
  0x000000005ac04800 JavaThread "Timer-15632" [_thread_blocked, id=10068, stack(0x000000005a7d0000,0x000000005a8d0000)]
  0x000000005b18c800 JavaThread "Timer-15631" [_thread_blocked, id=17280, stack(0x000000007b6a0000,0x000000007b7a0000)]
  0x000000005b18f800 JavaThread "Timer-15630" [_thread_blocked, id=7492, stack(0x0000000064240000,0x0000000064340000)]
  0x000000005b174800 JavaThread "Timer-15629" [_thread_blocked, id=4020, stack(0x0000000079bf0000,0x0000000079cf0000)]
  0x000000005e78f800 JavaThread "Timer-15628" [_thread_blocked, id=15440, stack(0x000000007aa70000,0x000000007ab70000)]
  0x0000000057f1e800 JavaThread "Timer-15627" [_thread_blocked, id=13212, stack(0x000000006dd80000,0x000000006de80000)]
  0x0000000058048000 JavaThread "Timer-15626" [_thread_blocked, id=14580, stack(0x0000000074ad0000,0x0000000074bd0000)]
  0x000000005803b000 JavaThread "Timer-15625" [_thread_blocked, id=5840, stack(0x000000006beb0000,0x000000006bfb0000)]
  0x0000000067db1800 JavaThread "Timer-15624" [_thread_blocked, id=17108, stack(0x0000000075cc0000,0x0000000075dc0000)]
  0x0000000058038000 JavaThread "Timer-15623" [_thread_blocked, id=14012, stack(0x00000000753d0000,0x00000000754d0000)]
  0x000000005ed72800 JavaThread "Timer-15622" [_thread_blocked, id=7204, stack(0x00000000792c0000,0x00000000793c0000)]
  0x000000005b1b2000 JavaThread "Timer-15620" [_thread_blocked, id=11452, stack(0x0000000072fa0000,0x00000000730a0000)]
  0x000000005abf3800 JavaThread "Timer-15618" [_thread_blocked, id=11812, stack(0x00000000719c0000,0x0000000071ac0000)]
  0x000000005abf3000 JavaThread "Timer-15617" [_thread_blocked, id=3508, stack(0x0000000069520000,0x0000000069620000)]
  0x000000005b1af000 JavaThread "Timer-15615" [_thread_blocked, id=11724, stack(0x0000000064b40000,0x0000000064c40000)]
  0x0000000067db2000 JavaThread "Timer-15614" [_thread_blocked, id=11808, stack(0x000000007a2c0000,0x000000007a3c0000)]
  0x0000000070697000 JavaThread "Timer-15613" [_thread_blocked, id=11548, stack(0x0000000067630000,0x0000000067730000)]
  0x0000000058040800 JavaThread "Timer-15612" [_thread_blocked, id=13740, stack(0x0000000079e50000,0x0000000079f50000)]
  0x000000005edfc000 JavaThread "Timer-15611" [_thread_blocked, id=6800, stack(0x000000006e460000,0x000000006e560000)]
  0x000000005b0ba000 JavaThread "Timer-15610" [_thread_blocked, id=15980, stack(0x000000007e5d0000,0x000000007e6d0000)]
  0x000000005b1b0000 JavaThread "Timer-15609" [_thread_blocked, id=7936, stack(0x0000000068df0000,0x0000000068ef0000)]
  0x000000005edfa800 JavaThread "Timer-15608" [_thread_blocked, id=16900, stack(0x000000007be70000,0x000000007bf70000)]
  0x000000005edf9800 JavaThread "Timer-15607" [_thread_blocked, id=2024, stack(0x000000007a4c0000,0x000000007a5c0000)]
  0x0000000057f1d000 JavaThread "Timer-15606" [_thread_blocked, id=4980, stack(0x000000007a090000,0x000000007a190000)]
  0x000000005edfb000 JavaThread "Timer-15605" [_thread_blocked, id=6296, stack(0x0000000061450000,0x0000000061550000)]
  0x0000000067db4800 JavaThread "Timer-15604" [_thread_blocked, id=7572, stack(0x000000006a030000,0x000000006a130000)]
  0x0000000057fc0000 JavaThread "Timer-15601" [_thread_blocked, id=13588, stack(0x00000000662c0000,0x00000000663c0000)]
  0x00000000700dc800 JavaThread "Timer-15600" [_thread_blocked, id=10844, stack(0x0000000074630000,0x0000000074730000)]
  0x0000000067cba000 JavaThread "Timer-15599" [_thread_blocked, id=11284, stack(0x0000000075f30000,0x0000000076030000)]
  0x000000005ad91000 JavaThread "Timer-15597" [_thread_blocked, id=11692, stack(0x00000000756c0000,0x00000000757c0000)]
  0x000000005e78a000 JavaThread "Timer-15596" [_thread_blocked, id=6580, stack(0x000000007ec80000,0x000000007ed80000)]
  0x000000006611c800 JavaThread "Timer-15595" [_thread_blocked, id=8652, stack(0x000000006dc70000,0x000000006dd70000)]
  0x000000006611f000 JavaThread "Timer-15594" [_thread_blocked, id=5328, stack(0x0000000077bc0000,0x0000000077cc0000)]
  0x000000006611e000 JavaThread "Timer-15593" [_thread_blocked, id=17372, stack(0x000000005a360000,0x000000005a460000)]
  0x0000000066121000 JavaThread "Timer-15591" [_thread_blocked, id=13520, stack(0x0000000077330000,0x0000000077430000)]
  0x0000000057fba800 JavaThread "Timer-15588" [_thread_blocked, id=9012, stack(0x000000006db00000,0x000000006dc00000)]
  0x0000000057fbb000 JavaThread "Timer-15587" [_thread_blocked, id=6072, stack(0x0000000073be0000,0x0000000073ce0000)]
  0x0000000067cbd000 JavaThread "Timer-15585" [_thread_blocked, id=17320, stack(0x000000006b750000,0x000000006b850000)]
  0x0000000065d0b800 JavaThread "Timer-15583" [_thread_blocked, id=13712, stack(0x0000000078470000,0x0000000078570000)]
  0x000000005abec800 JavaThread "Timer-15582" [_thread_blocked, id=15904, stack(0x0000000060b40000,0x0000000060c40000)]
  0x0000000066019800 JavaThread "Timer-15581" [_thread_blocked, id=5716, stack(0x0000000069750000,0x0000000069850000)]
  0x000000005edfe800 JavaThread "Timer-15579" [_thread_blocked, id=12248, stack(0x0000000074750000,0x0000000074850000)]
  0x000000005eded000 JavaThread "Timer-15577" [_thread_blocked, id=11096, stack(0x0000000067510000,0x0000000067610000)]
  0x000000005ee00000 JavaThread "Timer-15576" [_thread_blocked, id=9032, stack(0x0000000069400000,0x0000000069500000)]
  0x000000005b234000 JavaThread "Timer-15575" [_thread_blocked, id=13812, stack(0x0000000077e40000,0x0000000077f40000)]
  0x000000005804a000 JavaThread "Timer-15574" [_thread_blocked, id=504, stack(0x000000007a670000,0x000000007a770000)]
  0x0000000067d35000 JavaThread "Timer-15573" [_thread_blocked, id=7588, stack(0x0000000073960000,0x0000000073a60000)]
  0x000000005ac4c800 JavaThread "Timer-15572" [_thread_blocked, id=15644, stack(0x000000007eb80000,0x000000007ec80000)]
  0x00000000657c5800 JavaThread "Timer-15571" [_thread_blocked, id=13372, stack(0x00000000648d0000,0x00000000649d0000)]
  0x000000005e79b000 JavaThread "Timer-15569" [_thread_blocked, id=5808, stack(0x000000007e270000,0x000000007e370000)]
  0x000000005803d800 JavaThread "Timer-15568" [_thread_blocked, id=11172, stack(0x0000000079060000,0x0000000079160000)]
  0x000000005b236000 JavaThread "Timer-15566" [_thread_blocked, id=15348, stack(0x000000007e160000,0x000000007e260000)]
  0x000000005e78b000 JavaThread "Timer-15564" [_thread_blocked, id=12244, stack(0x000000007dae0000,0x000000007dbe0000)]
  0x000000005ed70000 JavaThread "Timer-15563" [_thread_blocked, id=9220, stack(0x000000007dd40000,0x000000007de40000)]
  0x000000005ed6a000 JavaThread "Timer-15562" [_thread_blocked, id=8844, stack(0x000000007dc20000,0x000000007dd20000)]
  0x000000005b191000 JavaThread "Timer-15561" [_thread_blocked, id=6276, stack(0x0000000062200000,0x0000000062300000)]
  0x000000005b1ad800 JavaThread "Timer-15557" [_thread_blocked, id=15188, stack(0x000000006c300000,0x000000006c400000)]
  0x0000000067a73800 JavaThread "Timer-15556" [_thread_blocked, id=15616, stack(0x0000000078b80000,0x0000000078c80000)]
  0x0000000070697800 JavaThread "Timer-15555" [_thread_blocked, id=5116, stack(0x0000000061650000,0x0000000061750000)]
  0x000000005ac46000 JavaThread "Timer-15551" [_thread_blocked, id=8520, stack(0x000000007b130000,0x000000007b230000)]
  0x000000005ac48800 JavaThread "Timer-15550" [_thread_blocked, id=16892, stack(0x00000000663c0000,0x00000000664c0000)]
  0x0000000067a68800 JavaThread "Timer-15549" [_thread_blocked, id=4904, stack(0x0000000070d70000,0x0000000070e70000)]
  0x000000005e998800 JavaThread "Timer-15547" [_thread_blocked, id=9364, stack(0x0000000062060000,0x0000000062160000)]
  0x000000005e99a000 JavaThread "Timer-15546" [_thread_blocked, id=6728, stack(0x000000007c440000,0x000000007c540000)]
  0x0000000071ea4800 JavaThread "Timer-15544" [_thread_blocked, id=17216, stack(0x0000000063eb0000,0x0000000063fb0000)]
  0x000000005b190800 JavaThread "Timer-15543" [_thread_blocked, id=13304, stack(0x000000005f7a0000,0x000000005f8a0000)]
  0x000000005ac03800 JavaThread "Timer-15541" [_thread_blocked, id=10076, stack(0x0000000070c70000,0x0000000070d70000)]
  0x0000000071e9e800 JavaThread "Timer-15540" [_thread_blocked, id=9268, stack(0x0000000062910000,0x0000000062a10000)]
  0x000000005ac05000 JavaThread "Timer-15539" [_thread_blocked, id=15096, stack(0x000000006cbe0000,0x000000006cce0000)]
  0x0000000070699000 JavaThread "Timer-15538" [_thread_blocked, id=6264, stack(0x0000000077880000,0x0000000077980000)]
  0x000000005e42d000 JavaThread "Timer-15537" [_thread_blocked, id=3896, stack(0x000000005d6f0000,0x000000005d7f0000)]
  0x000000005ac09000 JavaThread "Timer-15535" [_thread_blocked, id=5424, stack(0x000000006b350000,0x000000006b450000)]
  0x00000000700d8800 JavaThread "Timer-15534" [_thread_blocked, id=16172, stack(0x0000000062a70000,0x0000000062b70000)]
  0x0000000067cb9800 JavaThread "Timer-15532" [_thread_blocked, id=12640, stack(0x000000007bbc0000,0x000000007bcc0000)]
  0x0000000067cbc800 JavaThread "Timer-15531" [_thread_blocked, id=3008, stack(0x000000006bfc0000,0x000000006c0c0000)]
  0x0000000067c6f800 JavaThread "Timer-15528" [_thread_blocked, id=6152, stack(0x000000006c900000,0x000000006ca00000)]
  0x0000000067c72800 JavaThread "Timer-15527" [_thread_blocked, id=4708, stack(0x000000006a970000,0x000000006aa70000)]
  0x000000005abf0800 JavaThread "Timer-15526" [_thread_blocked, id=16552, stack(0x000000007c210000,0x000000007c310000)]
  0x000000005b1a4800 JavaThread "Timer-15525" [_thread_blocked, id=12352, stack(0x0000000060d60000,0x0000000060e60000)]
  0x0000000067c6e000 JavaThread "Timer-15523" [_thread_blocked, id=5564, stack(0x0000000062810000,0x0000000062910000)]
  0x000000005b1a3000 JavaThread "Timer-15521" [_thread_blocked, id=3512, stack(0x0000000064140000,0x0000000064240000)]
  0x000000005ae94800 JavaThread "Timer-15520" [_thread_blocked, id=12148, stack(0x0000000075e00000,0x0000000075f00000)]
  0x000000005ae95800 JavaThread "Timer-15519" [_thread_blocked, id=16644, stack(0x0000000066660000,0x0000000066760000)]
  0x000000005ae94000 JavaThread "Timer-15518" [_thread_blocked, id=16216, stack(0x000000007d540000,0x000000007d640000)]
  0x000000005ae97000 JavaThread "Timer-15517" [_thread_blocked, id=16648, stack(0x000000007d440000,0x000000007d540000)]
  0x000000005b192000 JavaThread "Timer-15516" [_thread_blocked, id=540, stack(0x0000000078350000,0x0000000078450000)]
  0x000000005abf8800 JavaThread "Timer-15514" [_thread_blocked, id=4164, stack(0x000000007ce10000,0x000000007cf10000)]
  0x000000005abf7000 JavaThread "Timer-15513" [_thread_blocked, id=3788, stack(0x000000007c570000,0x000000007c670000)]
  0x000000005e791800 JavaThread "Timer-15512" [_thread_blocked, id=10368, stack(0x0000000068cb0000,0x0000000068db0000)]
  0x0000000065d0a000 JavaThread "Timer-15511" [_thread_blocked, id=3536, stack(0x000000007c340000,0x000000007c440000)]
  0x000000005abf7800 JavaThread "Timer-15510" [_thread_blocked, id=7984, stack(0x0000000061ef0000,0x0000000061ff0000)]
  0x00000000657be800 JavaThread "Timer-15509" [_thread_blocked, id=11780, stack(0x000000006e020000,0x000000006e120000)]
  0x000000005e430800 JavaThread "Timer-15506" [_thread_blocked, id=8348, stack(0x0000000067190000,0x0000000067290000)]
  0x0000000057fb8000 JavaThread "Timer-15504" [_thread_blocked, id=6368, stack(0x000000006b550000,0x000000006b650000)]
  0x00000000657c3000 JavaThread "Timer-15503" [_thread_blocked, id=6120, stack(0x000000007bfb0000,0x000000007c0b0000)]
  0x000000005ed74000 JavaThread "Timer-15502" [_thread_blocked, id=10248, stack(0x0000000076cc0000,0x0000000076dc0000)]
  0x000000005b1ac000 JavaThread "Timer-15501" [_thread_blocked, id=12184, stack(0x000000006a530000,0x000000006a630000)]
  0x000000005b173000 JavaThread "Timer-15497" [_thread_blocked, id=5816, stack(0x0000000064fa0000,0x00000000650a0000)]
  0x0000000057f1a800 JavaThread "Timer-15496" [_thread_blocked, id=11792, stack(0x000000006a6a0000,0x000000006a7a0000)]
  0x0000000057fb9000 JavaThread "Timer-15493" [_thread_blocked, id=16268, stack(0x0000000071370000,0x0000000071470000)]
  0x000000005e640800 JavaThread "Timer-15492" [_thread_blocked, id=16380, stack(0x000000006b150000,0x000000006b250000)]
  0x000000005abda000 JavaThread "Timer-15491" [_thread_blocked, id=5924, stack(0x000000007b930000,0x000000007ba30000)]
  0x000000005b1ab000 JavaThread "Timer-15488" [_thread_blocked, id=13636, stack(0x0000000066d70000,0x0000000066e70000)]
  0x000000005e643800 JavaThread "Timer-15487" [_thread_blocked, id=12272, stack(0x000000006dea0000,0x000000006dfa0000)]
  0x000000005edf1800 JavaThread "Timer-15486" [_thread_blocked, id=15036, stack(0x0000000078d20000,0x0000000078e20000)]
  0x00000000700d8000 JavaThread "Timer-15485" [_thread_blocked, id=4356, stack(0x000000006a140000,0x000000006a240000)]
  0x000000005ad8f800 JavaThread "Timer-15484" [_thread_blocked, id=7540, stack(0x000000006ab90000,0x000000006ac90000)]
  0x000000005af0c800 JavaThread "Timer-15481" [_thread_blocked, id=10920, stack(0x000000007abb0000,0x000000007acb0000)]
  0x000000005abea000 JavaThread "Timer-15479" [_thread_blocked, id=3852, stack(0x0000000074ca0000,0x0000000074da0000)]
  0x0000000067a73000 JavaThread "Timer-15478" [_thread_blocked, id=13524, stack(0x000000007adf0000,0x000000007aef0000)]
  0x0000000067a71800 JavaThread "Timer-15477" [_thread_blocked, id=4400, stack(0x0000000069b80000,0x0000000069c80000)]
  0x0000000057f20000 JavaThread "Timer-15476" [_thread_blocked, id=5440, stack(0x00000000791b0000,0x00000000792b0000)]
  0x000000005edf4000 JavaThread "Timer-15474" [_thread_blocked, id=17128, stack(0x000000007af20000,0x000000007b020000)]
  0x0000000057f1d800 JavaThread "Timer-15472" [_thread_blocked, id=9048, stack(0x000000007b480000,0x000000007b580000)]
  0x000000005e78d800 JavaThread "Timer-15470" [_thread_blocked, id=14804, stack(0x0000000077d20000,0x0000000077e20000)]
  0x0000000065d0c000 JavaThread "Timer-15469" [_thread_blocked, id=6316, stack(0x0000000079770000,0x0000000079870000)]
  0x0000000065d0d000 JavaThread "Timer-15468" [_thread_blocked, id=4268, stack(0x0000000077430000,0x0000000077530000)]
  0x0000000067dc0800 JavaThread "Timer-15467" [_thread_blocked, id=1344, stack(0x000000007a790000,0x000000007a890000)]
  0x000000005b1a5800 JavaThread "Timer-15466" [_thread_blocked, id=6880, stack(0x000000006c200000,0x000000006c300000)]
  0x000000005ac02000 JavaThread "Timer-15465" [_thread_blocked, id=16276, stack(0x0000000078e40000,0x0000000078f40000)]
  0x000000005abef800 JavaThread "Timer-15464" [_thread_blocked, id=12488, stack(0x00000000793d0000,0x00000000794d0000)]
  0x0000000067dbd800 JavaThread "Timer-15458" [_thread_blocked, id=6748, stack(0x00000000630c0000,0x00000000631c0000)]
  0x000000005abed000 JavaThread "Timer-15457" [_thread_blocked, id=820, stack(0x0000000070710000,0x0000000070810000)]
  0x00000000700db000 JavaThread "Timer-15456" [_thread_blocked, id=4532, stack(0x00000000787f0000,0x00000000788f0000)]
  0x000000005afad000 JavaThread "Timer-15455" [_thread_blocked, id=12524, stack(0x0000000073520000,0x0000000073620000)]
  0x0000000072204800 JavaThread "Timer-15451" [_thread_blocked, id=4224, stack(0x0000000071d60000,0x0000000071e60000)]
  0x000000005ed6a800 JavaThread "Timer-15450" [_thread_blocked, id=12052, stack(0x00000000755b0000,0x00000000756b0000)]
  0x0000000067dbf000 JavaThread "Timer-15448" [_thread_blocked, id=15548, stack(0x0000000063b70000,0x0000000063c70000)]
  0x0000000057f19000 JavaThread "Timer-15447" [_thread_blocked, id=2828, stack(0x000000006b650000,0x000000006b750000)]
  0x0000000070694800 JavaThread "Timer-15445" [_thread_blocked, id=5356, stack(0x0000000062430000,0x0000000062530000)]
  0x000000005ed6d000 JavaThread "Timer-15442" [_thread_blocked, id=10912, stack(0x00000000626e0000,0x00000000627e0000)]
  0x0000000071ea1800 JavaThread "Timer-15439" [_thread_blocked, id=14232, stack(0x0000000069e30000,0x0000000069f30000)]
  0x0000000071ea4000 JavaThread "Timer-15438" [_thread_blocked, id=15652, stack(0x000000006a2f0000,0x000000006a3f0000)]
  0x000000005613a000 JavaThread "Timer-15435" [_thread_blocked, id=16072, stack(0x0000000071c30000,0x0000000071d30000)]
  0x000000005ed6e800 JavaThread "Timer-15433" [_thread_blocked, id=8880, stack(0x0000000078f50000,0x0000000079050000)]
  0x000000005e42a800 JavaThread "Timer-15430" [_thread_blocked, id=6076, stack(0x00000000672c0000,0x00000000673c0000)]
  0x00000000657c4800 JavaThread "Timer-15429" [_thread_blocked, id=11948, stack(0x0000000061300000,0x0000000061400000)]
  0x00000000580c4000 JavaThread "Timer-15427" [_thread_blocked, id=9684, stack(0x00000000691c0000,0x00000000692c0000)]
  0x000000005e42e800 JavaThread "Timer-15426" [_thread_blocked, id=13948, stack(0x0000000072e60000,0x0000000072f60000)]
  0x000000005ed6b800 JavaThread "Timer-15421" [_thread_blocked, id=15364, stack(0x0000000062310000,0x0000000062410000)]
  0x000000005edfd800 JavaThread "Timer-15419" [_thread_blocked, id=9636, stack(0x0000000075a70000,0x0000000075b70000)]
  0x00000000700d7000 JavaThread "Timer-15418" [_thread_blocked, id=11184, stack(0x000000005d5e0000,0x000000005d6e0000)]
  0x000000005e42b800 JavaThread "Timer-15417" [_thread_blocked, id=4012, stack(0x0000000069630000,0x0000000069730000)]
  0x000000005ac06000 JavaThread "Timer-15415" [_thread_blocked, id=2692, stack(0x0000000060e90000,0x0000000060f90000)]
  0x000000005e64a000 JavaThread "Timer-15413" [_thread_blocked, id=7316, stack(0x000000006e600000,0x000000006e700000)]
  0x0000000058046000 JavaThread "Timer-15412" [_thread_blocked, id=3832, stack(0x0000000075050000,0x0000000075150000)]
  0x000000005e78c800 JavaThread "Timer-15408" [_thread_blocked, id=14348, stack(0x0000000068bb0000,0x0000000068cb0000)]
  0x0000000066017000 JavaThread "Timer-15406" [_thread_blocked, id=10136, stack(0x0000000074f20000,0x0000000075020000)]
  0x0000000067cb8800 JavaThread "Timer-15404" [_thread_blocked, id=13724, stack(0x0000000071700000,0x0000000071800000)]
  0x000000005b175800 JavaThread "Timer-15401" [_thread_blocked, id=14416, stack(0x0000000060fa0000,0x00000000610a0000)]
  0x000000005ac47800 JavaThread "Timer-15395" [_thread_blocked, id=13128, stack(0x0000000061550000,0x0000000061650000)]
  0x000000005e169000 JavaThread "Timer-15393" [_thread_blocked, id=12180, stack(0x0000000062550000,0x0000000062650000)]
  0x000000006601a000 JavaThread "Timer-15392" [_thread_blocked, id=5896, stack(0x0000000066790000,0x0000000066890000)]
  0x0000000057fc1800 JavaThread "Timer-15391" [_thread_blocked, id=9156, stack(0x00000000673c0000,0x00000000674c0000)]
  0x0000000067c68000 JavaThread "Timer-15389" [_thread_blocked, id=5892, stack(0x000000006adf0000,0x000000006aef0000)]
  0x0000000067d3b000 JavaThread "Timer-15383" [_thread_blocked, id=8532, stack(0x00000000715f0000,0x00000000716f0000)]
  0x000000005ac45800 JavaThread "Timer-15381" [_thread_blocked, id=4720, stack(0x000000006a7a0000,0x000000006a8a0000)]
  0x000000005af5f000 JavaThread "Timer-15380" [_thread_blocked, id=3720, stack(0x000000007cca0000,0x000000007cda0000)]
  0x0000000067d3a800 JavaThread "Timer-15379" [_thread_blocked, id=8664, stack(0x0000000076bb0000,0x0000000076cb0000)]
  0x0000000067cbe800 JavaThread "Timer-15378" [_thread_blocked, id=2116, stack(0x000000007c970000,0x000000007ca70000)]
  0x0000000058039800 JavaThread "Timer-15377" [_thread_blocked, id=12904, stack(0x000000005b890000,0x000000005b990000)]
  0x0000000058042000 JavaThread "Timer-15375" [_thread_blocked, id=12560, stack(0x0000000060630000,0x0000000060730000)]
  0x000000005e798800 JavaThread "Timer-15373" [_thread_blocked, id=7528, stack(0x000000005ffb0000,0x00000000600b0000)]
  0x0000000070692800 JavaThread "Timer-15370" [_thread_blocked, id=12816, stack(0x000000007c800000,0x000000007c900000)]
  0x0000000067cbe000 JavaThread "Timer-15363" [_thread_blocked, id=552, stack(0x00000000736b0000,0x00000000737b0000)]
  0x0000000066018000 JavaThread "Timer-15360" [_thread_blocked, id=7740, stack(0x000000006b000000,0x000000006b100000)]
  0x000000005af5d000 JavaThread "Timer-15359" [_thread_blocked, id=9020, stack(0x0000000060940000,0x0000000060a40000)]
  0x000000005e78e000 JavaThread "Timer-15357" [_thread_blocked, id=12004, stack(0x0000000061a10000,0x0000000061b10000)]
  0x000000005e42d800 JavaThread "Timer-15352" [_thread_blocked, id=12300, stack(0x000000005f670000,0x000000005f770000)]
  0x000000005e99b800 JavaThread "Timer-15348" [_thread_blocked, id=3276, stack(0x00000000749c0000,0x0000000074ac0000)]
  0x0000000067a6b800 JavaThread "Timer-15347" [_thread_blocked, id=13460, stack(0x0000000070b60000,0x0000000070c60000)]
  0x0000000067a6b000 JavaThread "Timer-15344" [_thread_blocked, id=16656, stack(0x0000000060840000,0x0000000060940000)]
  0x000000005b233000 JavaThread "Timer-15340" [_thread_blocked, id=16536, stack(0x000000007a960000,0x000000007aa60000)]
  0x000000005eded800 JavaThread "Timer-15339" [_thread_blocked, id=11104, stack(0x00000000775f0000,0x00000000776f0000)]
  0x0000000057f19800 JavaThread "Timer-15330" [_thread_blocked, id=8108, stack(0x0000000077980000,0x0000000077a80000)]
  0x000000005b0b8800 JavaThread "Timer-15329" [_thread_blocked, id=12460, stack(0x000000005a490000,0x000000005a590000)]
  0x0000000066018800 JavaThread "Timer-15325" [_thread_blocked, id=15204, stack(0x00000000604b0000,0x00000000605b0000)]
  0x0000000058043800 JavaThread "Timer-15319" [_thread_blocked, id=9752, stack(0x00000000647b0000,0x00000000648b0000)]
  0x0000000067a72000 JavaThread "Timer-15316" [_thread_blocked, id=13260, stack(0x00000000710e0000,0x00000000711e0000)]
  0x000000005b0c0800 JavaThread "Timer-15310" [_thread_blocked, id=7112, stack(0x0000000062cf0000,0x0000000062df0000)]
  0x000000005b0bf800 JavaThread "Timer-15304" [_thread_blocked, id=8080, stack(0x0000000075160000,0x0000000075260000)]
  0x000000005abd8800 JavaThread "Timer-15299" [_thread_blocked, id=10080, stack(0x00000000769a0000,0x0000000076aa0000)]
  0x000000005edef000 JavaThread "Timer-15298" [_thread_blocked, id=16460, stack(0x000000007d970000,0x000000007da70000)]
  0x00000000580c2800 JavaThread "Timer-15294" [_thread_blocked, id=9584, stack(0x000000006c420000,0x000000006c520000)]
  0x0000000057fbf000 JavaThread "Timer-15291" [_thread_blocked, id=4104, stack(0x0000000073420000,0x0000000073520000)]
  0x000000005ae9f800 JavaThread "Timer-15290" [_thread_blocked, id=13428, stack(0x000000007e8d0000,0x000000007e9d0000)]
  0x000000005ae9c000 JavaThread "Timer-15289" [_thread_blocked, id=14732, stack(0x000000007e7a0000,0x000000007e8a0000)]
  0x000000005ae9e000 JavaThread "Timer-15288" [_thread_blocked, id=6812, stack(0x000000007d2c0000,0x000000007d3c0000)]
  0x0000000067c72000 JavaThread "Timer-15284" [_thread_blocked, id=15136, stack(0x00000000610c0000,0x00000000611c0000)]
  0x0000000067c6c000 JavaThread "Timer-15283" [_thread_blocked, id=14484, stack(0x0000000078150000,0x0000000078250000)]
  0x0000000067d39800 JavaThread "Timer-15276" [_thread_blocked, id=9420, stack(0x0000000069a50000,0x0000000069b50000)]
  0x000000005af5d800 JavaThread "Timer-15274" [_thread_blocked, id=7848, stack(0x0000000061b70000,0x0000000061c70000)]
  0x000000005afaf000 JavaThread "Timer-15272" [_thread_blocked, id=11288, stack(0x0000000073e00000,0x0000000073f00000)]
  0x000000005e79b800 JavaThread "Timer-15268" [_thread_blocked, id=5796, stack(0x0000000070e70000,0x0000000070f70000)]
  0x0000000058048800 JavaThread "Timer-15267" [_thread_blocked, id=14264, stack(0x000000006c800000,0x000000006c900000)]
  0x000000005af5e800 JavaThread "Timer-15264" [_thread_blocked, id=6920, stack(0x0000000063d40000,0x0000000063e40000)]
  0x000000005ac49800 JavaThread "Timer-15261" [_thread_blocked, id=3448, stack(0x0000000067050000,0x0000000067150000)]
  0x0000000067dae000 JavaThread "Timer-15260" [_thread_blocked, id=11328, stack(0x000000007a1b0000,0x000000007a2b0000)]
  0x000000005b174000 JavaThread "Timer-15259" [_thread_blocked, id=11020, stack(0x000000007d1b0000,0x000000007d2b0000)]
  0x0000000067dad800 JavaThread "Timer-15254" [_thread_blocked, id=1716, stack(0x000000007d0a0000,0x000000007d1a0000)]
  0x0000000071ea2800 JavaThread "Timer-15251" [_thread_blocked, id=1016, stack(0x00000000645a0000,0x00000000646a0000)]
  0x0000000067db3000 JavaThread "Timer-15249" [_thread_blocked, id=10088, stack(0x00000000785d0000,0x00000000786d0000)]
  0x000000005ae96000 JavaThread "Timer-15247" [_thread_blocked, id=12292, stack(0x000000007acc0000,0x000000007adc0000)]
  0x000000005b1ac800 JavaThread "Timer-15244" [_thread_blocked, id=17020, stack(0x00000000786d0000,0x00000000787d0000)]
  0x0000000067dbf800 JavaThread "Timer-15243" [_thread_blocked, id=15588, stack(0x00000000650a0000,0x00000000651a0000)]
  0x0000000067a70800 JavaThread "Timer-15242" [_thread_blocked, id=3848, stack(0x000000006b450000,0x000000006b550000)]
  0x0000000071e9f800 JavaThread "Timer-15240" [_thread_blocked, id=8280, stack(0x0000000064030000,0x0000000064130000)]
  0x0000000067db3800 JavaThread "Timer-15236" [_thread_blocked, id=7676, stack(0x00000000762d0000,0x00000000763d0000)]
  0x000000006611d800 JavaThread "Timer-15231" [_thread_blocked, id=15216, stack(0x000000006b870000,0x000000006b970000)]
  0x000000006611f800 JavaThread "Timer-15230" [_thread_blocked, id=11976, stack(0x0000000073a90000,0x0000000073b90000)]
  0x0000000067d37000 JavaThread "Timer-15223" [_thread_blocked, id=9492, stack(0x000000006bb60000,0x000000006bc60000)]
  0x0000000067c71000 JavaThread "Timer-15221" [_thread_blocked, id=8720, stack(0x000000006caa0000,0x000000006cba0000)]
  0x000000005ad92000 JavaThread "Timer-15212" [_thread_blocked, id=8136, stack(0x00000000698e0000,0x00000000699e0000)]
  0x000000005abf9000 JavaThread "Timer-15197" [_thread_blocked, id=14508, stack(0x00000000651c0000,0x00000000652c0000)]
  0x000000005e793800 JavaThread "Timer-15192" [_thread_blocked, id=4972, stack(0x0000000076430000,0x0000000076530000)]
  0x0000000070695800 JavaThread "Timer-15189" [_thread_blocked, id=8120, stack(0x000000007bce0000,0x000000007bde0000)]
  0x000000005b1a6000 JavaThread "Timer-15181" [_thread_blocked, id=13240, stack(0x0000000076030000,0x0000000076130000)]
  0x000000005e64b000 JavaThread "Timer-15180" [_thread_blocked, id=4092, stack(0x0000000071890000,0x0000000071990000)]
  0x000000005803c000 JavaThread "Timer-15179" [_thread_blocked, id=13668, stack(0x00000000618e0000,0x00000000619e0000)]
  0x0000000067dbe000 JavaThread "Timer-15178" [_thread_blocked, id=8104, stack(0x0000000074160000,0x0000000074260000)]
  0x000000005e431800 JavaThread "Timer-15167" [_thread_blocked, id=14564, stack(0x0000000077760000,0x0000000077860000)]
  0x000000005edff000 JavaThread "Timer-15160" [_thread_blocked, id=2244, stack(0x0000000074320000,0x0000000074420000)]
  0x0000000058009800 JavaThread "Timer-15149" [_thread_blocked, id=10564, stack(0x0000000078960000,0x0000000078a60000)]
  0x000000005e645800 JavaThread "Timer-15139" [_thread_blocked, id=7800, stack(0x00000000737b0000,0x00000000738b0000)]
  0x000000005e647000 JavaThread "Timer-15138" [_thread_blocked, id=2260, stack(0x0000000060740000,0x0000000060840000)]
  0x0000000058038800 JavaThread "Timer-15136" [_thread_blocked, id=7632, stack(0x00000000748c0000,0x00000000749c0000)]
  0x000000005ed75000 JavaThread "Timer-15125" [_thread_blocked, id=12688, stack(0x0000000079a90000,0x0000000079b90000)]
  0x0000000067cbb000 JavaThread "Timer-15120" [_thread_blocked, id=6924, stack(0x0000000067910000,0x0000000067a10000)]
  0x000000005e792000 JavaThread "Direct Clip" daemon [_thread_blocked, id=6424, stack(0x0000000080280000,0x0000000080380000)]
  0x0000000067db0800 JavaThread "Direct Clip" daemon [_thread_blocked, id=5700, stack(0x0000000070a30000,0x0000000070b30000)]
  0x00000000657c2000 JavaThread "Image Animator 0" daemon [_thread_blocked, id=16296, stack(0x000000007cb80000,0x000000007cc80000)]
  0x0000000067c67800 JavaThread "Direct Clip" daemon [_thread_blocked, id=8344, stack(0x000000006aef0000,0x000000006aff0000)]
  0x00000000657b8800 JavaThread "Direct Clip" daemon [_thread_blocked, id=11000, stack(0x00000000669f0000,0x0000000066af0000)]
  0x000000005aeaa000 JavaThread "Image Animator 0" daemon [_thread_blocked, id=3604, stack(0x0000000062e70000,0x0000000062f70000)]
  0x000000005abd8000 JavaThread "Direct Clip" daemon [_thread_blocked, id=9440, stack(0x0000000060a40000,0x0000000060b40000)]
  0x000000005e272000 JavaThread "Direct Clip" daemon [_thread_blocked, id=8660, stack(0x000000005fe00000,0x000000005ff00000)]
  0x000000005e273800 JavaThread "Image Animator 2" daemon [_thread_blocked, id=4656, stack(0x000000005d360000,0x000000005d460000)]
  0x000000005e272800 JavaThread "Image Animator 1" daemon [_thread_blocked, id=4260, stack(0x000000005d940000,0x000000005da40000)]
  0x000000005e271000 JavaThread "DestroyJavaVM" [_thread_blocked, id=15612, stack(0x0000000002420000,0x0000000002520000)]
  0x000000005ad57000 JavaThread "Java Sound Event Dispatcher" daemon [_thread_blocked, id=15320, stack(0x000000005d090000,0x000000005d190000)]
  0x000000005ad07800 JavaThread "D3D Screen Updater" daemon [_thread_blocked, id=13248, stack(0x000000005caa0000,0x000000005cba0000)]
  0x000000005acec800 JavaThread "TimerQueue" daemon [_thread_blocked, id=420, stack(0x000000005b790000,0x000000005b890000)]
  0x000000005ab49800 JavaThread "Image Animator 3" daemon [_thread_blocked, id=2928, stack(0x000000005b350000,0x000000005b450000)]
  0x00000000581e7000 JavaThread "AWT-EventQueue-0" [_thread_blocked, id=15160, stack(0x000000005aa40000,0x000000005ab40000)]
  0x000000005816b000 JavaThread "AWT-Windows" daemon [_thread_in_native, id=10992, stack(0x00000000585b0000,0x00000000586b0000)]
  0x000000005816a000 JavaThread "AWT-Shutdown" [_thread_blocked, id=3140, stack(0x0000000058850000,0x0000000058950000)]
  0x000000005814f800 JavaThread "Java2D Disposer" daemon [_thread_blocked, id=12256, stack(0x0000000058700000,0x0000000058800000)]
  0x0000000057e18800 JavaThread "Service Thread" daemon [_thread_blocked, id=13352, stack(0x0000000058270000,0x0000000058370000)]
  0x0000000056125000 JavaThread "C1 CompilerThread1" daemon [_thread_blocked, id=12668, stack(0x0000000057cf0000,0x0000000057df0000)]
  0x0000000056111800 JavaThread "C2 CompilerThread0" daemon [_thread_blocked, id=5180, stack(0x0000000057b60000,0x0000000057c60000)]
  0x0000000056105800 JavaThread "JDWP Command Reader" daemon [_thread_in_native, id=1532, stack(0x0000000057a00000,0x0000000057b00000)]
  0x0000000056100000 JavaThread "JDWP Event Helper Thread" daemon [_thread_blocked, id=7452, stack(0x0000000057720000,0x0000000057820000)]
=>0x00000000560f3000 JavaThread "JDWP Transport Listener: dt_socket" daemon [_thread_in_vm, id=7240, stack(0x0000000057820000,0x0000000057920000)]
  0x00000000560e9800 JavaThread "Attach Listener" daemon [_thread_blocked, id=4932, stack(0x0000000057000000,0x0000000057100000)]
  0x00000000560e8000 JavaThread "Signal Dispatcher" daemon [_thread_blocked, id=5260, stack(0x0000000057190000,0x0000000057290000)]
  0x00000000560ce800 JavaThread "Finalizer" daemon [_thread_blocked, id=14640, stack(0x0000000056ee0000,0x0000000056fe0000)]
  0x0000000056087800 JavaThread "Reference Handler" daemon [_thread_blocked, id=5008, stack(0x0000000056b50000,0x0000000056c50000)]

Other Threads:
  0x000000005607d800 VMThread [stack: 0x0000000056cc0000,0x0000000056dc0000] [id=13464]
  0x0000000057e31000 WatcherThread [stack: 0x0000000058430000,0x0000000058530000] [id=9592]

VM state:not at safepoint (normal execution)

VM Mutex/Monitor currently owned by a thread: None

Heap:
 PSYoungGen      total 22016K, used 12636K [0x00000000e0000000, 0x00000000e3280000, 0x0000000100000000)
  eden space 21504K, 58% used [0x00000000e0000000,0x00000000e0c2f330,0x00000000e1500000)
  from space 512K, 31% used [0x00000000e3200000,0x00000000e3228000,0x00000000e3280000)
  to   space 512K, 0% used [0x00000000e3180000,0x00000000e3180000,0x00000000e3200000)
 ParOldGen       total 79872K, used 58111K [0x00000000a0000000, 0x00000000a4e00000, 0x00000000e0000000)
  object space 79872K, 72% used [0x00000000a0000000,0x00000000a38bfc18,0x00000000a4e00000)
 Metaspace       used 13222K, capacity 13444K, committed 13696K, reserved 1060864K
  class space    used 1472K, capacity 1550K, committed 1664K, reserved 1048576K

Card table byte_map: [0x0000000011bb0000,0x0000000011ec0000] byte_map_base: 0x00000000116b0000

Marking Bits: (ParMarkBitMap*) 0x000000006d7ca6c0
 Begin Bits: [0x0000000012450000, 0x0000000013c50000)
 End Bits:   [0x0000000013c50000, 0x0000000015450000)

Polling page: 0x0000000001b50000

CodeCache: size=245760Kb used=8907Kb max_used=9117Kb free=236852Kb
 bounds [0x00000000027f0000, 0x0000000003130000, 0x00000000117f0000]
 total_blobs=2545 nmethods=2037 adapters=429
 compilation: enabled

Compilation events (10 events):
Event: 130.953 Thread 0x0000000056111800 2618       4       java.lang.Class::getSimpleName (120 bytes)
Event: 130.965 Thread 0x0000000056111800 nmethod 2618 0x0000000002e05150 code [0x0000000002e052e0, 0x0000000002e05b28]
Event: 131.645 Thread 0x0000000056111800 2619       4       java.lang.Class::getEnclosingMethodInfo (21 bytes)
Event: 131.645 Thread 0x0000000056111800 nmethod 2619 0x0000000002e0e9d0 code [0x0000000002e0eb20, 0x0000000002e0eba8]
Event: 133.020 Thread 0x0000000056111800 2620       4       java.awt.image.IndexColorModel::<init> (321 bytes)
Event: 133.035 Thread 0x0000000056111800 nmethod 2620 0x000000000303b610 code [0x000000000303b7a0, 0x000000000303c108]
Event: 133.963 Thread 0x0000000056111800 2621       4       java.awt.Font::<init> (56 bytes)
Event: 133.964 Thread 0x0000000056111800 nmethod 2621 0x0000000002ba5a50 code [0x0000000002ba5b80, 0x0000000002ba5c58]
Event: 133.964 Thread 0x0000000056111800 2622       4       io.github.trinnorica.utils.sprites.Sprite::getLocation (30 bytes)
Event: 134.002 Thread 0x0000000056111800 nmethod 2622 0x0000000002dd3c10 code [0x0000000002dd3de0, 0x0000000002dd4fd8]

GC Heap History (10 events):
Event: 138.142 GC heap before
{Heap before GC invocations=235 (full 1):
 PSYoungGen      total 22016K, used 21632K [0x00000000e0000000, 0x00000000e3280000, 0x0000000100000000)
  eden space 21504K, 100% used [0x00000000e0000000,0x00000000e1500000,0x00000000e1500000)
  from space 512K, 25% used [0x00000000e3180000,0x00000000e31a0000,0x00000000e3200000)
  to   space 512K, 0% used [0x00000000e3200000,0x00000000e3200000,0x00000000e3280000)
 ParOldGen       total 79872K, used 57863K [0x00000000a0000000, 0x00000000a4e00000, 0x00000000e0000000)
  object space 79872K, 72% used [0x00000000a0000000,0x00000000a3881c18,0x00000000a4e00000)
 Metaspace       used 13222K, capacity 13444K, committed 13696K, reserved 1060864K
  class space    used 1472K, capacity 1550K, committed 1664K, reserved 1048576K
Event: 138.144 GC heap after
Heap after GC invocations=235 (full 1):
 PSYoungGen      total 22016K, used 128K [0x00000000e0000000, 0x00000000e3280000, 0x0000000100000000)
  eden space 21504K, 0% used [0x00000000e0000000,0x00000000e0000000,0x00000000e1500000)
  from space 512K, 25% used [0x00000000e3200000,0x00000000e3220000,0x00000000e3280000)
  to   space 512K, 0% used [0x00000000e3180000,0x00000000e3180000,0x00000000e3200000)
 ParOldGen       total 79872K, used 57911K [0x00000000a0000000, 0x00000000a4e00000, 0x00000000e0000000)
  object space 79872K, 72% used [0x00000000a0000000,0x00000000a388dc18,0x00000000a4e00000)
 Metaspace       used 13222K, capacity 13444K, committed 13696K, reserved 1060864K
  class space    used 1472K, capacity 1550K, committed 1664K, reserved 1048576K
}
Event: 138.510 GC heap before
{Heap before GC invocations=236 (full 1):
 PSYoungGen      total 22016K, used 21632K [0x00000000e0000000, 0x00000000e3280000, 0x0000000100000000)
  eden space 21504K, 100% used [0x00000000e0000000,0x00000000e1500000,0x00000000e1500000)
  from space 512K, 25% used [0x00000000e3200000,0x00000000e3220000,0x00000000e3280000)
  to   space 512K, 0% used [0x00000000e3180000,0x00000000e3180000,0x00000000e3200000)
 ParOldGen       total 79872K, used 57911K [0x00000000a0000000, 0x00000000a4e00000, 0x00000000e0000000)
  object space 79872K, 72% used [0x00000000a0000000,0x00000000a388dc18,0x00000000a4e00000)
 Metaspace       used 13222K, capacity 13444K, committed 13696K, reserved 1060864K
  class space    used 1472K, capacity 1550K, committed 1664K, reserved 1048576K
Event: 138.512 GC heap after
Heap after GC invocations=236 (full 1):
 PSYoungGen      total 22016K, used 160K [0x00000000e0000000, 0x00000000e3280000, 0x0000000100000000)
  eden space 21504K, 0% used [0x00000000e0000000,0x00000000e0000000,0x00000000e1500000)
  from space 512K, 31% used [0x00000000e3180000,0x00000000e31a8000,0x00000000e3200000)
  to   space 512K, 0% used [0x00000000e3200000,0x00000000e3200000,0x00000000e3280000)
 ParOldGen       total 79872K, used 57967K [0x00000000a0000000, 0x00000000a4e00000, 0x00000000e0000000)
  object space 79872K, 72% used [0x00000000a0000000,0x00000000a389bc18,0x00000000a4e00000)
 Metaspace       used 13222K, capacity 13444K, committed 13696K, reserved 1060864K
  class space    used 1472K, capacity 1550K, committed 1664K, reserved 1048576K
}
Event: 138.864 GC heap before
{Heap before GC invocations=237 (full 1):
 PSYoungGen      total 22016K, used 21664K [0x00000000e0000000, 0x00000000e3280000, 0x0000000100000000)
  eden space 21504K, 100% used [0x00000000e0000000,0x00000000e1500000,0x00000000e1500000)
  from space 512K, 31% used [0x00000000e3180000,0x00000000e31a8000,0x00000000e3200000)
  to   space 512K, 0% used [0x00000000e3200000,0x00000000e3200000,0x00000000e3280000)
 ParOldGen       total 79872K, used 57967K [0x00000000a0000000, 0x00000000a4e00000, 0x00000000e0000000)
  object space 79872K, 72% used [0x00000000a0000000,0x00000000a389bc18,0x00000000a4e00000)
 Metaspace       used 13222K, capacity 13444K, committed 13696K, reserved 1060864K
  class space    used 1472K, capacity 1550K, committed 1664K, reserved 1048576K
Event: 138.867 GC heap after
Heap after GC invocations=237 (full 1):
 PSYoungGen      total 22016K, used 128K [0x00000000e0000000, 0x00000000e3280000, 0x0000000100000000)
  eden space 21504K, 0% used [0x00000000e0000000,0x00000000e0000000,0x00000000e1500000)
  from space 512K, 25% used [0x00000000e3200000,0x00000000e3220000,0x00000000e3280000)
  to   space 512K, 0% used [0x00000000e3180000,0x00000000e3180000,0x00000000e3200000)
 ParOldGen       total 79872K, used 58015K [0x00000000a0000000, 0x00000000a4e00000, 0x00000000e0000000)
  object space 79872K, 72% used [0x00000000a0000000,0x00000000a38a7c18,0x00000000a4e00000)
 Metaspace       used 13222K, capacity 13444K, committed 13696K, reserved 1060864K
  class space    used 1472K, capacity 1550K, committed 1664K, reserved 1048576K
}
Event: 139.216 GC heap before
{Heap before GC invocations=238 (full 1):
 PSYoungGen      total 22016K, used 21632K [0x00000000e0000000, 0x00000000e3280000, 0x0000000100000000)
  eden space 21504K, 100% used [0x00000000e0000000,0x00000000e1500000,0x00000000e1500000)
  from space 512K, 25% used [0x00000000e3200000,0x00000000e3220000,0x00000000e3280000)
  to   space 512K, 0% used [0x00000000e3180000,0x00000000e3180000,0x00000000e3200000)
 ParOldGen       total 79872K, used 58015K [0x00000000a0000000, 0x00000000a4e00000, 0x00000000e0000000)
  object space 79872K, 72% used [0x00000000a0000000,0x00000000a38a7c18,0x00000000a4e00000)
 Metaspace       used 13222K, capacity 13444K, committed 13696K, reserved 1060864K
  class space    used 1472K, capacity 1550K, committed 1664K, reserved 1048576K
Event: 139.219 GC heap after
Heap after GC invocations=238 (full 1):
 PSYoungGen      total 22016K, used 128K [0x00000000e0000000, 0x00000000e3280000, 0x0000000100000000)
  eden space 21504K, 0% used [0x00000000e0000000,0x00000000e0000000,0x00000000e1500000)
  from space 512K, 25% used [0x00000000e3180000,0x00000000e31a0000,0x00000000e3200000)
  to   space 512K, 0% used [0x00000000e3200000,0x00000000e3200000,0x00000000e3280000)
 ParOldGen       total 79872K, used 58063K [0x00000000a0000000, 0x00000000a4e00000, 0x00000000e0000000)
  object space 79872K, 72% used [0x00000000a0000000,0x00000000a38b3c18,0x00000000a4e00000)
 Metaspace       used 13222K, capacity 13444K, committed 13696K, reserved 1060864K
  class space    used 1472K, capacity 1550K, committed 1664K, reserved 1048576K
}
Event: 139.593 GC heap before
{Heap before GC invocations=239 (full 1):
 PSYoungGen      total 22016K, used 21632K [0x00000000e0000000, 0x00000000e3280000, 0x0000000100000000)
  eden space 21504K, 100% used [0x00000000e0000000,0x00000000e1500000,0x00000000e1500000)
  from space 512K, 25% used [0x00000000e3180000,0x00000000e31a0000,0x00000000e3200000)
  to   space 512K, 0% used [0x00000000e3200000,0x00000000e3200000,0x00000000e3280000)
 ParOldGen       total 79872K, used 58063K [0x00000000a0000000, 0x00000000a4e00000, 0x00000000e0000000)
  object space 79872K, 72% used [0x00000000a0000000,0x00000000a38b3c18,0x00000000a4e00000)
 Metaspace       used 13222K, capacity 13444K, committed 13696K, reserved 1060864K
  class space    used 1472K, capacity 1550K, committed 1664K, reserved 1048576K
Event: 139.596 GC heap after
Heap after GC invocations=239 (full 1):
 PSYoungGen      total 22016K, used 160K [0x00000000e0000000, 0x00000000e3280000, 0x0000000100000000)
  eden space 21504K, 0% used [0x00000000e0000000,0x00000000e0000000,0x00000000e1500000)
  from space 512K, 31% used [0x00000000e3200000,0x00000000e3228000,0x00000000e3280000)
  to   space 512K, 0% used [0x00000000e3180000,0x00000000e3180000,0x00000000e3200000)
 ParOldGen       total 79872K, used 58111K [0x00000000a0000000, 0x00000000a4e00000, 0x00000000e0000000)
  object space 79872K, 72% used [0x00000000a0000000,0x00000000a38bfc18,0x00000000a4e00000)
 Metaspace       used 13222K, capacity 13444K, committed 13696K, reserved 1060864K
  class space    used 1472K, capacity 1550K, committed 1664K, reserved 1048576K
}

Deoptimization events (10 events):
Event: 139.757 Thread 0x00000000581e7000 Uncommon trap: reason=null_check action=none pc=0x0000000002fd8ea4 method=javax.swing.ImageIcon.<init>(Ljava/net/URL;)V @ 3
Event: 139.757 Thread 0x00000000581e7000 Uncommon trap: reason=null_check action=none pc=0x0000000002fd8ea4 method=javax.swing.ImageIcon.<init>(Ljava/net/URL;)V @ 3
Event: 139.758 Thread 0x00000000581e7000 Uncommon trap: reason=null_check action=none pc=0x0000000002fd8ea4 method=javax.swing.ImageIcon.<init>(Ljava/net/URL;)V @ 3
Event: 139.758 Thread 0x00000000581e7000 Uncommon trap: reason=null_check action=none pc=0x0000000002fd8ea4 method=javax.swing.ImageIcon.<init>(Ljava/net/URL;)V @ 3
Event: 139.758 Thread 0x00000000581e7000 Uncommon trap: reason=null_check action=none pc=0x0000000002fd8ea4 method=javax.swing.ImageIcon.<init>(Ljava/net/URL;)V @ 3
Event: 139.758 Thread 0x00000000581e7000 Uncommon trap: reason=null_check action=none pc=0x0000000002fd8ea4 method=javax.swing.ImageIcon.<init>(Ljava/net/URL;)V @ 3
Event: 139.771 Thread 0x00000000581e7000 Uncommon trap: reason=null_check action=none pc=0x0000000002fd8ea4 method=javax.swing.ImageIcon.<init>(Ljava/net/URL;)V @ 3
Event: 139.771 Thread 0x00000000581e7000 Uncommon trap: reason=null_check action=none pc=0x0000000002fd8ea4 method=javax.swing.ImageIcon.<init>(Ljava/net/URL;)V @ 3
Event: 139.772 Thread 0x00000000581e7000 Uncommon trap: reason=null_check action=none pc=0x0000000002f7477c method=javax.swing.ImageIcon.<init>(Ljava/net/URL;)V @ 3
Event: 139.772 Thread 0x00000000581e7000 Uncommon trap: reason=null_check action=none pc=0x0000000002fd8ea4 method=javax.swing.ImageIcon.<init>(Ljava/net/URL;)V @ 3

Internal exceptions (10 events):
Event: 22.718 Thread 0x00000000581e7000 Implicit null exception at 0x0000000002c5140d to 0x0000000002c53a78
Event: 22.718 Thread 0x00000000581e7000 Exception <a 'java/lang/NullPointerException'> (0x00000000e1fe4e10) thrown at [C:\re\workspace\8-2-build-windows-amd64-cygwin\jdk8u111\7883\hotspot\src\share\vm\runtime\sharedRuntime.cpp, line 605]
Event: 22.720 Thread 0x00000000581e7000 Implicit null exception at 0x0000000002c5140d to 0x0000000002c53a78
Event: 22.720 Thread 0x00000000581e7000 Exception <a 'java/lang/NullPointerException'> (0x00000000e20f2eb8) thrown at [C:\re\workspace\8-2-build-windows-amd64-cygwin\jdk8u111\7883\hotspot\src\share\vm\runtime\sharedRuntime.cpp, line 605]
Event: 22.720 Thread 0x00000000581e7000 Implicit null exception at 0x0000000002c5140d to 0x0000000002c53a78
Event: 22.720 Thread 0x00000000581e7000 Exception <a 'java/lang/NullPointerException'> (0x00000000e20f5f18) thrown at [C:\re\workspace\8-2-build-windows-amd64-cygwin\jdk8u111\7883\hotspot\src\share\vm\runtime\sharedRuntime.cpp, line 605]
Event: 22.720 Thread 0x00000000581e7000 Implicit null exception at 0x0000000002c5140d to 0x0000000002c53a78
Event: 22.720 Thread 0x00000000581e7000 Exception <a 'java/lang/NullPointerException'> (0x00000000e20f8f78) thrown at [C:\re\workspace\8-2-build-windows-amd64-cygwin\jdk8u111\7883\hotspot\src\share\vm\runtime\sharedRuntime.cpp, line 605]
Event: 22.721 Thread 0x00000000581e7000 Implicit null exception at 0x0000000002c5140d to 0x0000000002c53a78
Event: 22.721 Thread 0x00000000581e7000 Exception <a 'java/lang/NullPointerException'> (0x00000000e20fbfd8) thrown at [C:\re\workspace\8-2-build-windows-amd64-cygwin\jdk8u111\7883\hotspot\src\share\vm\runtime\sharedRuntime.cpp, line 605]

Events (10 events):
Event: 139.771 Thread 0x00000000657c0000 Thread added: 0x00000000657c0000
Event: 139.771 Thread 0x000000005e42c000 Thread added: 0x000000005e42c000
Event: 139.771 Thread 0x000000005e42f000 Thread added: 0x000000005e42f000
Event: 139.772 Thread 0x00000000581e7000 Uncommon trap: trap_request=0xfffffff7 fr.pc=0x0000000002f7477c
Event: 139.772 Thread 0x00000000581e7000 DEOPT PACKING pc=0x0000000002f7477c sp=0x000000005ab3cf00
Event: 139.772 Thread 0x00000000581e7000 DEOPT UNPACKING pc=0x000000000283582a sp=0x000000005ab3cf68 mode 2
Event: 139.772 Thread 0x00000000581e7000 Uncommon trap: trap_request=0xfffffff7 fr.pc=0x0000000002fd8ea4
Event: 139.772 Thread 0x00000000581e7000 DEOPT PACKING pc=0x0000000002fd8ea4 sp=0x000000005ab3cee0
Event: 139.772 Thread 0x00000000581e7000 DEOPT UNPACKING pc=0x000000000283582a sp=0x000000005ab3cf58 mode 2
Event: 139.772 Thread 0x00000000657b9000 Thread exited: 0x00000000657b9000


Dynamic libraries:
0x000000013f940000 - 0x000000013f977000 	C:\Program Files\Java\jre1.8.0_111\bin\javaw.exe
0x0000000077100000 - 0x00000000772aa000 	C:\Windows\SYSTEM32\ntdll.dll
0x0000000076fe0000 - 0x00000000770ff000 	C:\Windows\system32\kernel32.dll
0x000007fefd020000 - 0x000007fefd08a000 	C:\Windows\system32\KERNELBASE.dll
0x000007fefde40000 - 0x000007fefdf1b000 	C:\Windows\system32\ADVAPI32.dll
0x000007fefd930000 - 0x000007fefd9cf000 	C:\Windows\system32\msvcrt.dll
0x000007fefd300000 - 0x000007fefd31f000 	C:\Windows\SYSTEM32\sechost.dll
0x000007fefe1b0000 - 0x000007fefe2dd000 	C:\Windows\system32\RPCRT4.dll
0x0000000076ee0000 - 0x0000000076fda000 	C:\Windows\system32\USER32.dll
0x000007feff090000 - 0x000007feff0f7000 	C:\Windows\system32\GDI32.dll
0x000007fefdab0000 - 0x000007fefdabe000 	C:\Windows\system32\LPK.dll
0x000007feff2c0000 - 0x000007feff38a000 	C:\Windows\system32\USP10.dll
0x000007fefb950000 - 0x000007fefbb44000 	C:\Windows\WinSxS\amd64_microsoft.windows.common-controls_6595b64144ccf1df_6.0.7601.18837_none_fa3b1e3d17594757\COMCTL32.dll
0x000007feff240000 - 0x000007feff2b1000 	C:\Windows\system32\SHLWAPI.dll
0x000007fefd320000 - 0x000007fefd34e000 	C:\Windows\system32\IMM32.DLL
0x000007fefd350000 - 0x000007fefd459000 	C:\Windows\system32\MSCTF.dll
0x000000006d8a0000 - 0x000000006d972000 	C:\Program Files\Java\jre1.8.0_111\bin\msvcr100.dll
0x000000006cfb0000 - 0x000000006d84a000 	C:\Program Files\Java\jre1.8.0_111\bin\server\jvm.dll
0x000007fefc330000 - 0x000007fefc339000 	C:\Windows\system32\WSOCK32.dll
0x000007fefd6b0000 - 0x000007fefd6fd000 	C:\Windows\system32\WS2_32.dll
0x000007fefd640000 - 0x000007fefd648000 	C:\Windows\system32\NSI.dll
0x000007fefa650000 - 0x000007fefa68b000 	C:\Windows\system32\WINMM.dll
0x000007fefc320000 - 0x000007fefc32c000 	C:\Windows\system32\VERSION.dll
0x00000000772d0000 - 0x00000000772d7000 	C:\Windows\system32\PSAPI.DLL
0x0000000073df0000 - 0x0000000073dff000 	C:\Program Files\Java\jre1.8.0_111\bin\verify.dll
0x0000000073dc0000 - 0x0000000073de9000 	C:\Program Files\Java\jre1.8.0_111\bin\java.dll
0x00000000738f0000 - 0x0000000073925000 	C:\Program Files\Java\jre1.8.0_111\bin\jdwp.dll
0x00000000738e0000 - 0x00000000738e8000 	C:\Program Files\Java\jre1.8.0_111\bin\npt.dll
0x0000000073da0000 - 0x0000000073db6000 	C:\Program Files\Java\jre1.8.0_111\bin\zip.dll
0x000007fefe2e0000 - 0x000007feff06a000 	C:\Windows\system32\SHELL32.dll
0x000007fefdc30000 - 0x000007fefde33000 	C:\Windows\system32\ole32.dll
0x000007fefcf40000 - 0x000007fefcf4f000 	C:\Windows\system32\profapi.dll
0x00000000738d0000 - 0x00000000738d9000 	C:\Program Files\Java\jre1.8.0_111\bin\dt_socket.dll
0x000007fefa8f0000 - 0x000007fefa905000 	C:\Windows\system32\NLAapi.dll
0x000007fef91c0000 - 0x000007fef91d5000 	C:\Windows\system32\napinsp.dll
0x000007fef91e0000 - 0x000007fef91f9000 	C:\Windows\system32\pnrpnsp.dll
0x000007fefc6e0000 - 0x000007fefc735000 	C:\Windows\System32\mswsock.dll
0x000007fefc560000 - 0x000007fefc5bb000 	C:\Windows\system32\DNSAPI.dll
0x000007fef91b0000 - 0x000007fef91bb000 	C:\Windows\System32\winrnr.dll
0x000007fef9990000 - 0x000007fef99be000 	C:\Program Files\Common Files\Microsoft Shared\Windows Live\WLIDNSP.DLL
0x0000000073660000 - 0x0000000073686000 	C:\Program Files\Bonjour\mdnsNSP.dll
0x000007fefa3a0000 - 0x000007fefa3c7000 	C:\Windows\system32\Iphlpapi.DLL
0x000007fefa320000 - 0x000007fefa32b000 	C:\Windows\system32\WINNSI.DLL
0x000007fefa1a0000 - 0x000007fefa1f3000 	C:\Windows\System32\fwpuclnt.dll
0x000007fef92d0000 - 0x000007fef92d8000 	C:\Windows\system32\rasadhlp.dll
0x000007fefbf30000 - 0x000007fefbf37000 	C:\Windows\System32\wshtcpip.dll
0x000000006ce10000 - 0x000000006cfa8000 	C:\Program Files\Java\jre1.8.0_111\bin\awt.dll
0x000007fefd9d0000 - 0x000007fefdaaa000 	C:\Windows\system32\OLEAUT32.dll
0x000007fefb0a0000 - 0x000007fefb0b8000 	C:\Windows\system32\DWMAPI.DLL
0x000007fefc740000 - 0x000007fefc758000 	C:\Windows\system32\CRYPTSP.dll
0x000007fefc440000 - 0x000007fefc487000 	C:\Windows\system32\rsaenh.dll
0x000007fefd2e0000 - 0x000007fefd2fe000 	C:\Windows\system32\USERENV.dll
0x000007fefcda0000 - 0x000007fefcdaf000 	C:\Windows\system32\CRYPTBASE.dll
0x0000000073d80000 - 0x0000000073d9a000 	C:\Program Files\Java\jre1.8.0_111\bin\net.dll
0x000007fefc6d0000 - 0x000007fefc6d7000 	C:\Windows\System32\wship6.dll
0x000007fefa0d0000 - 0x000007fefa0e1000 	C:\Windows\system32\dhcpcsvc6.DLL
0x000007fefa050000 - 0x000007fefa068000 	C:\Windows\system32\dhcpcsvc.DLL
0x0000000073d60000 - 0x0000000073d71000 	C:\Program Files\Java\jre1.8.0_111\bin\nio.dll
0x000007fefb600000 - 0x000007fefb656000 	C:\Windows\system32\uxtheme.dll
0x000007fef5ba0000 - 0x000007fef5c1f000 	C:\Program Files\Common Files\microsoft shared\ink\tiptsf.dll
0x000007fef9d20000 - 0x000007fef9f1f000 	C:\Windows\system32\d3d9.dll
0x000007fef9cd0000 - 0x000007fef9cd7000 	C:\Windows\system32\d3d8thk.dll
0x000007fee83c0000 - 0x000007fee8ce4000 	C:\Windows\system32\nvd3dumx.dll
0x000007fefab20000 - 0x000007fefab4c000 	C:\Windows\system32\powrprof.dll
0x000007fefd460000 - 0x000007fefd637000 	C:\Windows\system32\SETUPAPI.dll
0x000007fefcfe0000 - 0x000007fefd016000 	C:\Windows\system32\CFGMGR32.dll
0x000007fefd090000 - 0x000007fefd0aa000 	C:\Windows\system32\DEVOBJ.dll
0x000000006cdc0000 - 0x000000006ce07000 	C:\Program Files\Java\jre1.8.0_111\bin\fontmanager.dll
0x0000000070b40000 - 0x0000000070b4c000 	C:\Program Files\Java\jre1.8.0_111\bin\jsound.dll
0x0000000070b50000 - 0x0000000070b5b000 	C:\Program Files\Java\jre1.8.0_111\bin\jsoundds.dll
0x000007feeef10000 - 0x000007feeef98000 	C:\Windows\system32\DSOUND.dll
0x000007fefb1f0000 - 0x000007fefb23b000 	C:\Windows\system32\MMDevAPI.DLL
0x000007fefb0c0000 - 0x000007fefb1ec000 	C:\Windows\system32\PROPSYS.dll
0x000007fef6050000 - 0x000007fef608b000 	C:\Windows\system32\wdmaud.drv
0x0000000074730000 - 0x0000000074736000 	C:\Windows\system32\ksuser.dll
0x000007fefab10000 - 0x000007fefab19000 	C:\Windows\system32\AVRT.dll
0x000007fefa3f0000 - 0x000007fefa43f000 	C:\Windows\system32\AUDIOSES.DLL
0x000007fef9ce0000 - 0x000007fef9cea000 	C:\Windows\system32\msacm32.drv
0x000007fefbcd0000 - 0x000007fefbce8000 	C:\Windows\system32\MSACM32.dll
0x000007fef9810000 - 0x000007fef9819000 	C:\Windows\system32\midimap.dll
0x000007feff1a0000 - 0x000007feff239000 	C:\Windows\system32\CLBCatQ.DLL
0x000000006d850000 - 0x000000006d892000 	C:\Program Files\Java\jre1.8.0_111\bin\t2k.dll
0x000007fef5540000 - 0x000007fef5665000 	C:\Windows\system32\dbghelp.dll

VM Arguments:
jvm_args: -agentlib:jdwp=transport=dt_socket,suspend=y,address=localhost:59398 -Dfile.encoding=Cp1252 
java_command: io.github.trinnorica.Main
java_class_path (initial): C:\Users\Administrator.HS-BUS-27\workspace\CG-SP_2016-2017\target\classes
Launcher Type: SUN_STANDARD

Environment Variables:
CLASSPATH=.;C:\Program Files (x86)\Java\jre6\lib\ext\QTJava.zip
PATH=C:/Program Files/Java/jre1.8.0_111/bin/server;C:/Program Files/Java/jre1.8.0_111/bin;C:/Program Files/Java/jre1.8.0_111/lib/amd64;C:\ProgramData\Oracle\Java\javapath;C:\Program Files\Common Files\Microsoft Shared\Windows Live;C:\Program Files (x86)\Common Files\Microsoft Shared\Windows Live;C:\Windows\system32;C:\Windows;C:\Windows\System32\Wbem;C:\Windows\System32\WindowsPowerShell\v1.0\;C:\Program Files (x86)\NTRU Cryptosystems\NTRU TCG Software Stack\bin\;C:\Program Files\NTRU Cryptosystems\NTRU TCG Software Stack\bin\;C:\Program Files\Dell\Dell Data Protection\Access\Advanced\Wave\Gemalto\Access Client\v5\;C:\Program Files (x86)\Windows Live\Shared;C:\Program Files (x86)\Common Files\Roxio Shared\DLLShared\;C:\Program Files (x86)\Common Files\Roxio Shared\OEM\DLLShared\;C:\Program Files (x86)\Common Files\Roxio Shared\OEM\DLLShared\;C:\Program Files (x86)\Common Files\Roxio Shared\OEM\12.0\DLLShared\;C:\Program Files (x86)\Roxio\OEM\AudioCore\;C:\Program Files (x86)\QuickTime\QTSystem\;C:\Program Files (x86)\Heroku\bin;C:\Program Files (x86)\git\cmd;C:\Program Files\nodejs\;C:\Program Files (x86)\GtkSharp\2.12\bin;C:\Program Files\Git\cmd;C:\Program Files (x86)\Skype\Phone\;C:\Program Files\Eclipse\eclipse;
USERNAME=Administrator
OS=Windows_NT
PROCESSOR_IDENTIFIER=Intel64 Family 6 Model 26 Stepping 5, GenuineIntel



---------------  S Y S T E M  ---------------

OS: Windows 7 , 64 bit Build 7601 (6.1.7601.23572)

CPU:total 2 (2 cores per cpu, 1 threads per core) family 6 model 26 stepping 5, cmov, cx8, fxsr, mmx, sse, sse2, sse3, ssse3, sse4.1, sse4.2, popcnt, tsc, tscinvbit, tscinv

Memory: 4k page, physical 6288952k(3381104k free), swap 12576044k(9611196k free)

vm_info: Java HotSpot(TM) 64-Bit Server VM (25.111-b14) for windows-amd64 JRE (1.8.0_111-b14), built on Sep 22 2016 19:24:05 by "java_re" with MS VC++ 10.0 (VS2010)

time: Thu Feb 16 12:21:01 2017
elapsed time: 139 seconds (0d 0h 2m 19s)

